{"/home/runner/work/portfolio-main/portfolio-main/src/App.js": {"path":"/home/runner/work/portfolio-main/portfolio-main/src/App.js","statementMap":{"0":{"start":{"line":16,"column":13},"end":{"line":20,"column":1}},"1":{"start":{"line":17,"column":37},"end":{"line":17,"column":45}},"2":{"start":{"line":22,"column":16},"end":{"line":35,"column":1}},"3":{"start":{"line":37,"column":34},"end":{"line":37,"column":48}},"4":{"start":{"line":40,"column":2},"end":{"line":66,"column":4}}},"fnMap":{"0":{"name":"(anonymous_0)","decl":{"start":{"line":17,"column":22},"end":{"line":17,"column":23}},"loc":{"start":{"line":17,"column":37},"end":{"line":17,"column":45}},"line":17},"1":{"name":"App","decl":{"start":{"line":36,"column":9},"end":{"line":36,"column":12}},"loc":{"start":{"line":36,"column":15},"end":{"line":67,"column":1}},"line":36}},"branchMap":{"0":{"loc":{"start":{"line":41,"column":26},"end":{"line":41,"column":60}},"type":"cond-expr","locations":[{"start":{"line":41,"column":38},"end":{"line":41,"column":47}},{"start":{"line":41,"column":50},"end":{"line":41,"column":60}}],"line":41}},"s":{"0":1,"1":8,"2":1,"3":9,"4":8},"f":{"0":8,"1":9},"b":{"0":[0,8]},"_coverageSchema":"1a1c01bbd47fc00a2c39e90264f33305004495a9","hash":"79821ddb31986154e4afcfc39437283b9ea89150"}
,"/home/runner/work/portfolio-main/portfolio-main/src/components/About/AboutStyle.js": {"path":"/home/runner/work/portfolio-main/portfolio-main/src/components/About/AboutStyle.js","statementMap":{"0":{"start":{"line":5,"column":32},"end":{"line":8,"column":1}},"1":{"start":{"line":10,"column":31},"end":{"line":19,"column":1}},"2":{"start":{"line":14,"column":26},"end":{"line":14,"column":44}},"3":{"start":{"line":17,"column":28},"end":{"line":17,"column":41}}},"fnMap":{"0":{"name":"(anonymous_0)","decl":{"start":{"line":14,"column":11},"end":{"line":14,"column":12}},"loc":{"start":{"line":14,"column":26},"end":{"line":14,"column":44}},"line":14},"1":{"name":"(anonymous_1)","decl":{"start":{"line":17,"column":13},"end":{"line":17,"column":14}},"loc":{"start":{"line":17,"column":28},"end":{"line":17,"column":41}},"line":17}},"branchMap":{},"s":{"0":0,"1":0,"2":0,"3":0},"f":{"0":0,"1":0},"b":{}}
,"/home/runner/work/portfolio-main/portfolio-main/src/components/About/index.js": {"path":"/home/runner/work/portfolio-main/portfolio-main/src/components/About/index.js","statementMap":{"0":{"start":{"line":3,"column":14},"end":{"line":7,"column":1}},"1":{"start":{"line":4,"column":2},"end":{"line":6,"column":3}}},"fnMap":{"0":{"name":"(anonymous_0)","decl":{"start":{"line":3,"column":14},"end":{"line":3,"column":15}},"loc":{"start":{"line":3,"column":20},"end":{"line":7,"column":1}},"line":3}},"branchMap":{},"s":{"0":0,"1":0},"f":{"0":0},"b":{}}
,"/home/runner/work/portfolio-main/portfolio-main/src/components/Cards/CertificationCard.jsx": {"path":"/home/runner/work/portfolio-main/portfolio-main/src/components/Cards/CertificationCard.jsx","statementMap":{"0":{"start":{"line":4,"column":17},"end":{"line":14,"column":1}},"1":{"start":{"line":27,"column":13},"end":{"line":34,"column":1}},"2":{"start":{"line":36,"column":13},"end":{"line":67,"column":1}},"3":{"start":{"line":69,"column":12},"end":{"line":73,"column":1}},"4":{"start":{"line":75,"column":14},"end":{"line":83,"column":1}},"5":{"start":{"line":85,"column":13},"end":{"line":89,"column":1}},"6":{"start":{"line":91,"column":13},"end":{"line":98,"column":1}},"7":{"start":{"line":94,"column":26},"end":{"line":94,"column":49}},"8":{"start":{"line":100,"column":15},"end":{"line":107,"column":1}},"9":{"start":{"line":103,"column":26},"end":{"line":103,"column":51}},"10":{"start":{"line":109,"column":13},"end":{"line":116,"column":1}},"11":{"start":{"line":112,"column":26},"end":{"line":112,"column":51}},"12":{"start":{"line":127,"column":26},"end":{"line":143,"column":1}},"13":{"start":{"line":128,"column":2},"end":{"line":142,"column":4}}},"fnMap":{"0":{"name":"(anonymous_0)","decl":{"start":{"line":94,"column":11},"end":{"line":94,"column":12}},"loc":{"start":{"line":94,"column":26},"end":{"line":94,"column":49}},"line":94},"1":{"name":"(anonymous_1)","decl":{"start":{"line":103,"column":11},"end":{"line":103,"column":12}},"loc":{"start":{"line":103,"column":26},"end":{"line":103,"column":51}},"line":103},"2":{"name":"(anonymous_2)","decl":{"start":{"line":112,"column":11},"end":{"line":112,"column":12}},"loc":{"start":{"line":112,"column":26},"end":{"line":112,"column":51}},"line":112},"3":{"name":"(anonymous_3)","decl":{"start":{"line":127,"column":26},"end":{"line":127,"column":27}},"loc":{"start":{"line":127,"column":49},"end":{"line":143,"column":1}},"line":127}},"branchMap":{},"s":{"0":3,"1":3,"2":3,"3":3,"4":3,"5":3,"6":3,"7":61,"8":3,"9":61,"10":3,"11":61,"12":3,"13":61},"f":{"0":61,"1":61,"2":61,"3":61},"b":{},"_coverageSchema":"1a1c01bbd47fc00a2c39e90264f33305004495a9","hash":"adf31f96177a14f289a3e4694a5e20442fc9c99e"}
,"/home/runner/work/portfolio-main/portfolio-main/src/components/Cards/EducationCard.jsx": {"path":"/home/runner/work/portfolio-main/portfolio-main/src/components/Cards/EducationCard.jsx","statementMap":{"0":{"start":{"line":4,"column":17},"end":{"line":14,"column":1}},"1":{"start":{"line":27,"column":13},"end":{"line":34,"column":1}},"2":{"start":{"line":36,"column":13},"end":{"line":67,"column":1}},"3":{"start":{"line":69,"column":12},"end":{"line":73,"column":1}},"4":{"start":{"line":75,"column":14},"end":{"line":83,"column":1}},"5":{"start":{"line":85,"column":13},"end":{"line":89,"column":1}},"6":{"start":{"line":91,"column":13},"end":{"line":98,"column":1}},"7":{"start":{"line":94,"column":26},"end":{"line":94,"column":49}},"8":{"start":{"line":100,"column":15},"end":{"line":107,"column":1}},"9":{"start":{"line":103,"column":26},"end":{"line":103,"column":51}},"10":{"start":{"line":109,"column":13},"end":{"line":116,"column":1}},"11":{"start":{"line":112,"column":26},"end":{"line":112,"column":51}},"12":{"start":{"line":127,"column":22},"end":{"line":143,"column":1}},"13":{"start":{"line":128,"column":2},"end":{"line":142,"column":4}}},"fnMap":{"0":{"name":"(anonymous_0)","decl":{"start":{"line":94,"column":11},"end":{"line":94,"column":12}},"loc":{"start":{"line":94,"column":26},"end":{"line":94,"column":49}},"line":94},"1":{"name":"(anonymous_1)","decl":{"start":{"line":103,"column":11},"end":{"line":103,"column":12}},"loc":{"start":{"line":103,"column":26},"end":{"line":103,"column":51}},"line":103},"2":{"name":"(anonymous_2)","decl":{"start":{"line":112,"column":11},"end":{"line":112,"column":12}},"loc":{"start":{"line":112,"column":26},"end":{"line":112,"column":51}},"line":112},"3":{"name":"(anonymous_3)","decl":{"start":{"line":127,"column":22},"end":{"line":127,"column":23}},"loc":{"start":{"line":127,"column":41},"end":{"line":143,"column":1}},"line":127}},"branchMap":{},"s":{"0":3,"1":3,"2":3,"3":3,"4":3,"5":3,"6":3,"7":33,"8":3,"9":33,"10":3,"11":33,"12":3,"13":33},"f":{"0":33,"1":33,"2":33,"3":33},"b":{},"_coverageSchema":"1a1c01bbd47fc00a2c39e90264f33305004495a9","hash":"eec776afe36a6526f5e04719f5876151ac3f1325"}
,"/home/runner/work/portfolio-main/portfolio-main/src/components/Cards/ExperienceCard.jsx": {"path":"/home/runner/work/portfolio-main/portfolio-main/src/components/Cards/ExperienceCard.jsx","statementMap":{"0":{"start":{"line":4,"column":17},"end":{"line":14,"column":1}},"1":{"start":{"line":16,"column":20},"end":{"line":25,"column":1}},"2":{"start":{"line":20,"column":28},"end":{"line":20,"column":51}},"3":{"start":{"line":27,"column":13},"end":{"line":34,"column":1}},"4":{"start":{"line":36,"column":13},"end":{"line":60,"column":1}},"5":{"start":{"line":62,"column":12},"end":{"line":66,"column":1}},"6":{"start":{"line":68,"column":14},"end":{"line":76,"column":1}},"7":{"start":{"line":78,"column":13},"end":{"line":82,"column":1}},"8":{"start":{"line":85,"column":13},"end":{"line":92,"column":1}},"9":{"start":{"line":88,"column":28},"end":{"line":88,"column":51}},"10":{"start":{"line":94,"column":16},"end":{"line":101,"column":1}},"11":{"start":{"line":97,"column":28},"end":{"line":97,"column":53}},"12":{"start":{"line":103,"column":13},"end":{"line":110,"column":1}},"13":{"start":{"line":106,"column":28},"end":{"line":106,"column":53}},"14":{"start":{"line":113,"column":15},"end":{"line":118,"column":1}},"15":{"start":{"line":120,"column":20},"end":{"line":124,"column":1}},"16":{"start":{"line":126,"column":14},"end":{"line":133,"column":1}},"17":{"start":{"line":129,"column":28},"end":{"line":129,"column":51}},"18":{"start":{"line":137,"column":23},"end":{"line":174,"column":1}},"19":{"start":{"line":138,"column":4},"end":{"line":173,"column":5}},"20":{"start":{"line":160,"column":36},"end":{"line":160,"column":60}}},"fnMap":{"0":{"name":"(anonymous_0)","decl":{"start":{"line":20,"column":13},"end":{"line":20,"column":14}},"loc":{"start":{"line":20,"column":28},"end":{"line":20,"column":51}},"line":20},"1":{"name":"(anonymous_1)","decl":{"start":{"line":88,"column":13},"end":{"line":88,"column":14}},"loc":{"start":{"line":88,"column":28},"end":{"line":88,"column":51}},"line":88},"2":{"name":"(anonymous_2)","decl":{"start":{"line":97,"column":13},"end":{"line":97,"column":14}},"loc":{"start":{"line":97,"column":28},"end":{"line":97,"column":53}},"line":97},"3":{"name":"(anonymous_3)","decl":{"start":{"line":106,"column":13},"end":{"line":106,"column":14}},"loc":{"start":{"line":106,"column":28},"end":{"line":106,"column":53}},"line":106},"4":{"name":"(anonymous_4)","decl":{"start":{"line":129,"column":13},"end":{"line":129,"column":14}},"loc":{"start":{"line":129,"column":28},"end":{"line":129,"column":51}},"line":129},"5":{"name":"(anonymous_5)","decl":{"start":{"line":137,"column":23},"end":{"line":137,"column":24}},"loc":{"start":{"line":137,"column":43},"end":{"line":174,"column":1}},"line":137},"6":{"name":"(anonymous_6)","decl":{"start":{"line":159,"column":57},"end":{"line":159,"column":58}},"loc":{"start":{"line":160,"column":36},"end":{"line":160,"column":60}},"line":160}},"branchMap":{"0":{"loc":{"start":{"line":149,"column":17},"end":{"line":150,"column":51}},"type":"binary-expr","locations":[{"start":{"line":149,"column":17},"end":{"line":149,"column":33}},{"start":{"line":150,"column":20},"end":{"line":150,"column":51}}],"line":149},"1":{"loc":{"start":{"line":153,"column":17},"end":{"line":164,"column":23}},"type":"binary-expr","locations":[{"start":{"line":153,"column":17},"end":{"line":153,"column":35}},{"start":{"line":154,"column":20},"end":{"line":164,"column":23}}],"line":153},"2":{"loc":{"start":{"line":167,"column":13},"end":{"line":170,"column":20}},"type":"binary-expr","locations":[{"start":{"line":167,"column":13},"end":{"line":167,"column":27}},{"start":{"line":168,"column":16},"end":{"line":170,"column":20}}],"line":167}},"s":{"0":3,"1":3,"2":79,"3":3,"4":3,"5":3,"6":3,"7":3,"8":3,"9":79,"10":3,"11":79,"12":3,"13":79,"14":3,"15":3,"16":3,"17":472,"18":3,"19":79,"20":472},"f":{"0":79,"1":79,"2":79,"3":79,"4":472,"5":79,"6":472},"b":{"0":[79,78],"1":[79,78],"2":[79,0]},"_coverageSchema":"1a1c01bbd47fc00a2c39e90264f33305004495a9","hash":"293fb596b85abc50cddb2ccb01e3aa2f467c9a63"}
,"/home/runner/work/portfolio-main/portfolio-main/src/components/Cards/ProjectCards.jsx": {"path":"/home/runner/work/portfolio-main/portfolio-main/src/components/Cards/ProjectCards.jsx","statementMap":{"0":{"start":{"line":5,"column":15},"end":{"line":17,"column":1}},"1":{"start":{"line":9,"column":39},"end":{"line":9,"column":50}},"2":{"start":{"line":10,"column":28},"end":{"line":10,"column":44}},"3":{"start":{"line":18,"column":13},"end":{"line":39,"column":1}},"4":{"start":{"line":21,"column":39},"end":{"line":21,"column":49}},"5":{"start":{"line":41,"column":14},"end":{"line":47,"column":1}},"6":{"start":{"line":44,"column":39},"end":{"line":44,"column":50}},"7":{"start":{"line":49,"column":13},"end":{"line":56,"column":1}},"8":{"start":{"line":58,"column":12},"end":{"line":65,"column":1}},"9":{"start":{"line":61,"column":28},"end":{"line":61,"column":41}},"10":{"start":{"line":62,"column":39},"end":{"line":62,"column":57}},"11":{"start":{"line":67,"column":16},"end":{"line":73,"column":1}},"12":{"start":{"line":74,"column":14},"end":{"line":85,"column":1}},"13":{"start":{"line":77,"column":28},"end":{"line":77,"column":48}},"14":{"start":{"line":87,"column":13},"end":{"line":95,"column":1}},"15":{"start":{"line":91,"column":28},"end":{"line":91,"column":53}},"16":{"start":{"line":98,"column":20},"end":{"line":108,"column":1}},"17":{"start":{"line":100,"column":28},"end":{"line":100,"column":53}},"18":{"start":{"line":110,"column":16},"end":{"line":114,"column":1}},"19":{"start":{"line":115,"column":15},"end":{"line":123,"column":1}},"20":{"start":{"line":120,"column":39},"end":{"line":120,"column":50}},"21":{"start":{"line":122,"column":39},"end":{"line":122,"column":49}},"22":{"start":{"line":125,"column":21},"end":{"line":147,"column":1}},"23":{"start":{"line":126,"column":4},"end":{"line":146,"column":5}},"24":{"start":{"line":127,"column":29},"end":{"line":127,"column":74}},"25":{"start":{"line":131,"column":16},"end":{"line":131,"column":32}},"26":{"start":{"line":141,"column":20},"end":{"line":141,"column":46}}},"fnMap":{"0":{"name":"(anonymous_0)","decl":{"start":{"line":9,"column":24},"end":{"line":9,"column":25}},"loc":{"start":{"line":9,"column":39},"end":{"line":9,"column":50}},"line":9},"1":{"name":"(anonymous_1)","decl":{"start":{"line":10,"column":13},"end":{"line":10,"column":14}},"loc":{"start":{"line":10,"column":28},"end":{"line":10,"column":44}},"line":10},"2":{"name":"(anonymous_2)","decl":{"start":{"line":21,"column":24},"end":{"line":21,"column":25}},"loc":{"start":{"line":21,"column":39},"end":{"line":21,"column":49}},"line":21},"3":{"name":"(anonymous_3)","decl":{"start":{"line":44,"column":24},"end":{"line":44,"column":25}},"loc":{"start":{"line":44,"column":39},"end":{"line":44,"column":50}},"line":44},"4":{"name":"(anonymous_4)","decl":{"start":{"line":61,"column":13},"end":{"line":61,"column":14}},"loc":{"start":{"line":61,"column":28},"end":{"line":61,"column":41}},"line":61},"5":{"name":"(anonymous_5)","decl":{"start":{"line":62,"column":24},"end":{"line":62,"column":25}},"loc":{"start":{"line":62,"column":39},"end":{"line":62,"column":57}},"line":62},"6":{"name":"(anonymous_6)","decl":{"start":{"line":77,"column":13},"end":{"line":77,"column":14}},"loc":{"start":{"line":77,"column":28},"end":{"line":77,"column":48}},"line":77},"7":{"name":"(anonymous_7)","decl":{"start":{"line":91,"column":13},"end":{"line":91,"column":14}},"loc":{"start":{"line":91,"column":28},"end":{"line":91,"column":53}},"line":91},"8":{"name":"(anonymous_8)","decl":{"start":{"line":100,"column":13},"end":{"line":100,"column":14}},"loc":{"start":{"line":100,"column":28},"end":{"line":100,"column":53}},"line":100},"9":{"name":"(anonymous_9)","decl":{"start":{"line":120,"column":24},"end":{"line":120,"column":25}},"loc":{"start":{"line":120,"column":39},"end":{"line":120,"column":50}},"line":120},"10":{"name":"(anonymous_10)","decl":{"start":{"line":122,"column":24},"end":{"line":122,"column":25}},"loc":{"start":{"line":122,"column":39},"end":{"line":122,"column":49}},"line":122},"11":{"name":"(anonymous_11)","decl":{"start":{"line":125,"column":21},"end":{"line":125,"column":22}},"loc":{"start":{"line":125,"column":49},"end":{"line":147,"column":1}},"line":125},"12":{"name":"(anonymous_12)","decl":{"start":{"line":127,"column":23},"end":{"line":127,"column":24}},"loc":{"start":{"line":127,"column":29},"end":{"line":127,"column":74}},"line":127},"13":{"name":"(anonymous_13)","decl":{"start":{"line":130,"column":35},"end":{"line":130,"column":36}},"loc":{"start":{"line":131,"column":16},"end":{"line":131,"column":32}},"line":131},"14":{"name":"(anonymous_14)","decl":{"start":{"line":140,"column":37},"end":{"line":140,"column":38}},"loc":{"start":{"line":141,"column":20},"end":{"line":141,"column":46}},"line":141}},"branchMap":{},"s":{"0":0,"1":0,"2":0,"3":0,"4":0,"5":0,"6":0,"7":0,"8":0,"9":0,"10":0,"11":0,"12":0,"13":0,"14":0,"15":0,"16":0,"17":0,"18":0,"19":0,"20":0,"21":0,"22":0,"23":0,"24":0,"25":0,"26":0},"f":{"0":0,"1":0,"2":0,"3":0,"4":0,"5":0,"6":0,"7":0,"8":0,"9":0,"10":0,"11":0,"12":0,"13":0,"14":0},"b":{}}
,"/home/runner/work/portfolio-main/portfolio-main/src/components/Certification/index.js": {"path":"/home/runner/work/portfolio-main/portfolio-main/src/components/Certification/index.js","statementMap":{"0":{"start":{"line":13,"column":18},"end":{"line":24,"column":1}},"1":{"start":{"line":26,"column":16},"end":{"line":39,"column":1}},"2":{"start":{"line":41,"column":14},"end":{"line":51,"column":1}},"3":{"start":{"line":46,"column":26},"end":{"line":46,"column":44}},"4":{"start":{"line":53,"column":13},"end":{"line":62,"column":1}},"5":{"start":{"line":57,"column":26},"end":{"line":57,"column":46}},"6":{"start":{"line":64,"column":24},"end":{"line":76,"column":1}},"7":{"start":{"line":78,"column":14},"end":{"line":106,"column":1}},"8":{"start":{"line":79,"column":2},"end":{"line":105,"column":4}},"9":{"start":{"line":89,"column":14},"end":{"line":99,"column":29}}},"fnMap":{"0":{"name":"(anonymous_0)","decl":{"start":{"line":46,"column":11},"end":{"line":46,"column":12}},"loc":{"start":{"line":46,"column":26},"end":{"line":46,"column":44}},"line":46},"1":{"name":"(anonymous_1)","decl":{"start":{"line":57,"column":11},"end":{"line":57,"column":12}},"loc":{"start":{"line":57,"column":26},"end":{"line":57,"column":46}},"line":57},"2":{"name":"(anonymous_2)","decl":{"start":{"line":78,"column":14},"end":{"line":78,"column":15}},"loc":{"start":{"line":78,"column":20},"end":{"line":106,"column":1}},"line":78},"3":{"name":"(anonymous_3)","decl":{"start":{"line":88,"column":32},"end":{"line":88,"column":33}},"loc":{"start":{"line":89,"column":14},"end":{"line":99,"column":29}},"line":89}},"branchMap":{"0":{"loc":{"start":{"line":95,"column":19},"end":{"line":97,"column":19}},"type":"binary-expr","locations":[{"start":{"line":95,"column":19},"end":{"line":95,"column":52}},{"start":{"line":96,"column":20},"end":{"line":96,"column":75}}],"line":95}},"s":{"0":2,"1":2,"2":2,"3":14,"4":2,"5":14,"6":2,"7":2,"8":14,"9":56},"f":{"0":14,"1":14,"2":14,"3":56},"b":{"0":[56,42]},"_coverageSchema":"1a1c01bbd47fc00a2c39e90264f33305004495a9","hash":"ae6a06f147b17681d836a73c028815fe49c3fbd9"}
,"/home/runner/work/portfolio-main/portfolio-main/src/components/Contact/index.js": {"path":"/home/runner/work/portfolio-main/portfolio-main/src/components/Contact/index.js","statementMap":{"0":{"start":{"line":6,"column":18},"end":{"line":11,"column":1}},"1":{"start":{"line":13,"column":14},"end":{"line":17,"column":1}},"2":{"start":{"line":16,"column":26},"end":{"line":16,"column":54}},"3":{"start":{"line":19,"column":20},"end":{"line":24,"column":1}},"4":{"start":{"line":23,"column":26},"end":{"line":23,"column":56}},"5":{"start":{"line":26,"column":13},"end":{"line":36,"column":1}},"6":{"start":{"line":29,"column":37},"end":{"line":29,"column":57}},"7":{"start":{"line":38,"column":14},"end":{"line":48,"column":1}},"8":{"start":{"line":39,"column":37},"end":{"line":39,"column":65}},"9":{"start":{"line":45,"column":35},"end":{"line":45,"column":61}},"10":{"start":{"line":46,"column":41},"end":{"line":46,"column":67}},"11":{"start":{"line":50,"column":17},"end":{"line":61,"column":1}},"12":{"start":{"line":51,"column":37},"end":{"line":51,"column":65}},"13":{"start":{"line":58,"column":35},"end":{"line":58,"column":61}},"14":{"start":{"line":59,"column":41},"end":{"line":59,"column":67}},"15":{"start":{"line":63,"column":15},"end":{"line":76,"column":1}},"16":{"start":{"line":78,"column":16},"end":{"line":122,"column":1}},"17":{"start":{"line":79,"column":18},"end":{"line":79,"column":26}},"18":{"start":{"line":80,"column":34},"end":{"line":80,"column":93}},"19":{"start":{"line":82,"column":23},"end":{"line":100,"column":3}},"20":{"start":{"line":83,"column":4},"end":{"line":83,"column":23}},"21":{"start":{"line":84,"column":56},"end":{"line":84,"column":71}},"22":{"start":{"line":86,"column":4},"end":{"line":89,"column":5}},"23":{"start":{"line":87,"column":6},"end":{"line":87,"column":92}},"24":{"start":{"line":88,"column":6},"end":{"line":88,"column":13}},"25":{"start":{"line":91,"column":4},"end":{"line":99,"column":8}},"26":{"start":{"line":95,"column":10},"end":{"line":95,"column":96}},"27":{"start":{"line":96,"column":10},"end":{"line":96,"column":34}},"28":{"start":{"line":98,"column":14},"end":{"line":98,"column":94}},"29":{"start":{"line":102,"column":2},"end":{"line":121,"column":4}},"30":{"start":{"line":116,"column":23},"end":{"line":116,"column":64}}},"fnMap":{"0":{"name":"(anonymous_0)","decl":{"start":{"line":16,"column":11},"end":{"line":16,"column":12}},"loc":{"start":{"line":16,"column":26},"end":{"line":16,"column":54}},"line":16},"1":{"name":"(anonymous_1)","decl":{"start":{"line":23,"column":11},"end":{"line":23,"column":12}},"loc":{"start":{"line":23,"column":26},"end":{"line":23,"column":56}},"line":23},"2":{"name":"(anonymous_2)","decl":{"start":{"line":29,"column":22},"end":{"line":29,"column":23}},"loc":{"start":{"line":29,"column":37},"end":{"line":29,"column":57}},"line":29},"3":{"name":"(anonymous_3)","decl":{"start":{"line":39,"column":22},"end":{"line":39,"column":23}},"loc":{"start":{"line":39,"column":37},"end":{"line":39,"column":65}},"line":39},"4":{"name":"(anonymous_4)","decl":{"start":{"line":45,"column":20},"end":{"line":45,"column":21}},"loc":{"start":{"line":45,"column":35},"end":{"line":45,"column":61}},"line":45},"5":{"name":"(anonymous_5)","decl":{"start":{"line":46,"column":26},"end":{"line":46,"column":27}},"loc":{"start":{"line":46,"column":41},"end":{"line":46,"column":67}},"line":46},"6":{"name":"(anonymous_6)","decl":{"start":{"line":51,"column":22},"end":{"line":51,"column":23}},"loc":{"start":{"line":51,"column":37},"end":{"line":51,"column":65}},"line":51},"7":{"name":"(anonymous_7)","decl":{"start":{"line":58,"column":20},"end":{"line":58,"column":21}},"loc":{"start":{"line":58,"column":35},"end":{"line":58,"column":61}},"line":58},"8":{"name":"(anonymous_8)","decl":{"start":{"line":59,"column":26},"end":{"line":59,"column":27}},"loc":{"start":{"line":59,"column":41},"end":{"line":59,"column":67}},"line":59},"9":{"name":"(anonymous_9)","decl":{"start":{"line":78,"column":16},"end":{"line":78,"column":17}},"loc":{"start":{"line":78,"column":22},"end":{"line":122,"column":1}},"line":78},"10":{"name":"(anonymous_10)","decl":{"start":{"line":82,"column":23},"end":{"line":82,"column":24}},"loc":{"start":{"line":82,"column":30},"end":{"line":100,"column":3}},"line":82},"11":{"name":"(anonymous_11)","decl":{"start":{"line":94,"column":8},"end":{"line":94,"column":9}},"loc":{"start":{"line":94,"column":14},"end":{"line":97,"column":9}},"line":94},"12":{"name":"(anonymous_12)","decl":{"start":{"line":98,"column":8},"end":{"line":98,"column":9}},"loc":{"start":{"line":98,"column":14},"end":{"line":98,"column":94}},"line":98},"13":{"name":"(anonymous_13)","decl":{"start":{"line":116,"column":17},"end":{"line":116,"column":18}},"loc":{"start":{"line":116,"column":23},"end":{"line":116,"column":64}},"line":116}},"branchMap":{"0":{"loc":{"start":{"line":16,"column":26},"end":{"line":16,"column":54}},"type":"binary-expr","locations":[{"start":{"line":16,"column":26},"end":{"line":16,"column":44}},{"start":{"line":16,"column":48},"end":{"line":16,"column":54}}],"line":16},"1":{"loc":{"start":{"line":23,"column":26},"end":{"line":23,"column":56}},"type":"binary-expr","locations":[{"start":{"line":23,"column":26},"end":{"line":23,"column":46}},{"start":{"line":23,"column":50},"end":{"line":23,"column":56}}],"line":23},"2":{"loc":{"start":{"line":29,"column":37},"end":{"line":29,"column":57}},"type":"binary-expr","locations":[{"start":{"line":29,"column":37},"end":{"line":29,"column":47}},{"start":{"line":29,"column":51},"end":{"line":29,"column":57}}],"line":29},"3":{"loc":{"start":{"line":39,"column":37},"end":{"line":39,"column":65}},"type":"binary-expr","locations":[{"start":{"line":39,"column":37},"end":{"line":39,"column":55}},{"start":{"line":39,"column":59},"end":{"line":39,"column":65}}],"line":39},"4":{"loc":{"start":{"line":45,"column":35},"end":{"line":45,"column":61}},"type":"binary-expr","locations":[{"start":{"line":45,"column":35},"end":{"line":45,"column":48}},{"start":{"line":45,"column":52},"end":{"line":45,"column":61}}],"line":45},"5":{"loc":{"start":{"line":46,"column":41},"end":{"line":46,"column":67}},"type":"binary-expr","locations":[{"start":{"line":46,"column":41},"end":{"line":46,"column":54}},{"start":{"line":46,"column":58},"end":{"line":46,"column":67}}],"line":46},"6":{"loc":{"start":{"line":51,"column":37},"end":{"line":51,"column":65}},"type":"binary-expr","locations":[{"start":{"line":51,"column":37},"end":{"line":51,"column":55}},{"start":{"line":51,"column":59},"end":{"line":51,"column":65}}],"line":51},"7":{"loc":{"start":{"line":58,"column":35},"end":{"line":58,"column":61}},"type":"binary-expr","locations":[{"start":{"line":58,"column":35},"end":{"line":58,"column":48}},{"start":{"line":58,"column":52},"end":{"line":58,"column":61}}],"line":58},"8":{"loc":{"start":{"line":59,"column":41},"end":{"line":59,"column":67}},"type":"binary-expr","locations":[{"start":{"line":59,"column":41},"end":{"line":59,"column":54}},{"start":{"line":59,"column":58},"end":{"line":59,"column":67}}],"line":59},"9":{"loc":{"start":{"line":86,"column":4},"end":{"line":89,"column":5}},"type":"if","locations":[{"start":{"line":86,"column":4},"end":{"line":89,"column":5}},{"start":{},"end":{}}],"line":86},"10":{"loc":{"start":{"line":86,"column":8},"end":{"line":86,"column":81}},"type":"binary-expr","locations":[{"start":{"line":86,"column":8},"end":{"line":86,"column":25}},{"start":{"line":86,"column":29},"end":{"line":86,"column":45}},{"start":{"line":86,"column":49},"end":{"line":86,"column":63}},{"start":{"line":86,"column":67},"end":{"line":86,"column":81}}],"line":86}},"s":{"0":0,"1":0,"2":0,"3":0,"4":0,"5":0,"6":0,"7":0,"8":0,"9":0,"10":0,"11":0,"12":0,"13":0,"14":0,"15":0,"16":0,"17":0,"18":0,"19":0,"20":0,"21":0,"22":0,"23":0,"24":0,"25":0,"26":0,"27":0,"28":0,"29":0,"30":0},"f":{"0":0,"1":0,"2":0,"3":0,"4":0,"5":0,"6":0,"7":0,"8":0,"9":0,"10":0,"11":0,"12":0,"13":0},"b":{"0":[0,0],"1":[0,0],"2":[0,0],"3":[0,0],"4":[0,0],"5":[0,0],"6":[0,0],"7":[0,0],"8":[0,0],"9":[0,0],"10":[0,0,0,0]}}
,"/home/runner/work/portfolio-main/portfolio-main/src/components/Education/index.js": {"path":"/home/runner/work/portfolio-main/portfolio-main/src/components/Education/index.js","statementMap":{"0":{"start":{"line":13,"column":18},"end":{"line":24,"column":1}},"1":{"start":{"line":26,"column":16},"end":{"line":39,"column":1}},"2":{"start":{"line":41,"column":14},"end":{"line":51,"column":1}},"3":{"start":{"line":46,"column":26},"end":{"line":46,"column":44}},"4":{"start":{"line":53,"column":13},"end":{"line":62,"column":1}},"5":{"start":{"line":57,"column":28},"end":{"line":57,"column":48}},"6":{"start":{"line":64,"column":24},"end":{"line":76,"column":1}},"7":{"start":{"line":80,"column":14},"end":{"line":107,"column":1}},"8":{"start":{"line":81,"column":4},"end":{"line":106,"column":5}},"9":{"start":{"line":91,"column":28},"end":{"line":99,"column":43}}},"fnMap":{"0":{"name":"(anonymous_0)","decl":{"start":{"line":46,"column":11},"end":{"line":46,"column":12}},"loc":{"start":{"line":46,"column":26},"end":{"line":46,"column":44}},"line":46},"1":{"name":"(anonymous_1)","decl":{"start":{"line":57,"column":13},"end":{"line":57,"column":14}},"loc":{"start":{"line":57,"column":28},"end":{"line":57,"column":48}},"line":57},"2":{"name":"(anonymous_2)","decl":{"start":{"line":80,"column":14},"end":{"line":80,"column":15}},"loc":{"start":{"line":80,"column":20},"end":{"line":107,"column":1}},"line":80},"3":{"name":"(anonymous_3)","decl":{"start":{"line":90,"column":39},"end":{"line":90,"column":40}},"loc":{"start":{"line":91,"column":28},"end":{"line":99,"column":43}},"line":91}},"branchMap":{"0":{"loc":{"start":{"line":97,"column":37},"end":{"line":97,"column":125}},"type":"binary-expr","locations":[{"start":{"line":97,"column":37},"end":{"line":97,"column":65}},{"start":{"line":97,"column":70},"end":{"line":97,"column":125}}],"line":97}},"s":{"0":2,"1":2,"2":2,"3":14,"4":2,"5":14,"6":2,"7":2,"8":15,"9":30},"f":{"0":14,"1":14,"2":15,"3":30},"b":{"0":[30,30]},"_coverageSchema":"1a1c01bbd47fc00a2c39e90264f33305004495a9","hash":"59815de273d5ba67751e3c4c5b254aa28c94f33a"}
,"/home/runner/work/portfolio-main/portfolio-main/src/components/Experience/index.js": {"path":"/home/runner/work/portfolio-main/portfolio-main/src/components/Experience/index.js","statementMap":{"0":{"start":{"line":13,"column":18},"end":{"line":24,"column":1}},"1":{"start":{"line":26,"column":16},"end":{"line":39,"column":1}},"2":{"start":{"line":41,"column":14},"end":{"line":51,"column":1}},"3":{"start":{"line":46,"column":26},"end":{"line":46,"column":44}},"4":{"start":{"line":53,"column":13},"end":{"line":62,"column":1}},"5":{"start":{"line":57,"column":28},"end":{"line":57,"column":48}},"6":{"start":{"line":64,"column":24},"end":{"line":73,"column":1}},"7":{"start":{"line":77,"column":14},"end":{"line":104,"column":1}},"8":{"start":{"line":78,"column":4},"end":{"line":103,"column":5}},"9":{"start":{"line":88,"column":28},"end":{"line":96,"column":43}}},"fnMap":{"0":{"name":"(anonymous_0)","decl":{"start":{"line":46,"column":11},"end":{"line":46,"column":12}},"loc":{"start":{"line":46,"column":26},"end":{"line":46,"column":44}},"line":46},"1":{"name":"(anonymous_1)","decl":{"start":{"line":57,"column":13},"end":{"line":57,"column":14}},"loc":{"start":{"line":57,"column":28},"end":{"line":57,"column":48}},"line":57},"2":{"name":"(anonymous_2)","decl":{"start":{"line":77,"column":14},"end":{"line":77,"column":15}},"loc":{"start":{"line":77,"column":20},"end":{"line":104,"column":1}},"line":77},"3":{"name":"(anonymous_3)","decl":{"start":{"line":87,"column":41},"end":{"line":87,"column":42}},"loc":{"start":{"line":88,"column":28},"end":{"line":96,"column":43}},"line":88}},"branchMap":{"0":{"loc":{"start":{"line":91,"column":37},"end":{"line":91,"column":128}},"type":"binary-expr","locations":[{"start":{"line":91,"column":37},"end":{"line":91,"column":69}},{"start":{"line":91,"column":73},"end":{"line":91,"column":128}}],"line":91}},"s":{"0":2,"1":2,"2":2,"3":14,"4":2,"5":14,"6":2,"7":2,"8":16,"9":80},"f":{"0":14,"1":14,"2":16,"3":80},"b":{"0":[80,64]},"_coverageSchema":"1a1c01bbd47fc00a2c39e90264f33305004495a9","hash":"f2f39d54e98f1584799ee1660f44180abb779c42"}
,"/home/runner/work/portfolio-main/portfolio-main/src/components/Footer/index.js": {"path":"/home/runner/work/portfolio-main/portfolio-main/src/components/Footer/index.js","statementMap":{"0":{"start":{"line":8,"column":24},"end":{"line":14,"column":1}},"1":{"start":{"line":17,"column":22},"end":{"line":26,"column":1}},"2":{"start":{"line":25,"column":26},"end":{"line":25,"column":44}},"3":{"start":{"line":28,"column":13},"end":{"line":32,"column":1}},"4":{"start":{"line":31,"column":26},"end":{"line":31,"column":39}},"5":{"start":{"line":34,"column":12},"end":{"line":49,"column":1}},"6":{"start":{"line":51,"column":16},"end":{"line":62,"column":1}},"7":{"start":{"line":52,"column":24},"end":{"line":52,"column":42}},"8":{"start":{"line":57,"column":28},"end":{"line":57,"column":41}},"9":{"start":{"line":64,"column":25},"end":{"line":67,"column":1}},"10":{"start":{"line":69,"column":24},"end":{"line":78,"column":1}},"11":{"start":{"line":73,"column":26},"end":{"line":73,"column":44}},"12":{"start":{"line":76,"column":28},"end":{"line":76,"column":41}},"13":{"start":{"line":80,"column":18},"end":{"line":85,"column":1}},"14":{"start":{"line":83,"column":26},"end":{"line":83,"column":37}},"15":{"start":{"line":88,"column":2},"end":{"line":109,"column":4}}},"fnMap":{"0":{"name":"(anonymous_0)","decl":{"start":{"line":25,"column":11},"end":{"line":25,"column":12}},"loc":{"start":{"line":25,"column":26},"end":{"line":25,"column":44}},"line":25},"1":{"name":"(anonymous_1)","decl":{"start":{"line":31,"column":11},"end":{"line":31,"column":12}},"loc":{"start":{"line":31,"column":26},"end":{"line":31,"column":39}},"line":31},"2":{"name":"(anonymous_2)","decl":{"start":{"line":52,"column":9},"end":{"line":52,"column":10}},"loc":{"start":{"line":52,"column":24},"end":{"line":52,"column":42}},"line":52},"3":{"name":"(anonymous_3)","decl":{"start":{"line":57,"column":13},"end":{"line":57,"column":14}},"loc":{"start":{"line":57,"column":28},"end":{"line":57,"column":41}},"line":57},"4":{"name":"(anonymous_4)","decl":{"start":{"line":73,"column":11},"end":{"line":73,"column":12}},"loc":{"start":{"line":73,"column":26},"end":{"line":73,"column":44}},"line":73},"5":{"name":"(anonymous_5)","decl":{"start":{"line":76,"column":13},"end":{"line":76,"column":14}},"loc":{"start":{"line":76,"column":28},"end":{"line":76,"column":41}},"line":76},"6":{"name":"(anonymous_6)","decl":{"start":{"line":83,"column":11},"end":{"line":83,"column":12}},"loc":{"start":{"line":83,"column":26},"end":{"line":83,"column":37}},"line":83},"7":{"name":"Footer","decl":{"start":{"line":87,"column":9},"end":{"line":87,"column":15}},"loc":{"start":{"line":87,"column":18},"end":{"line":110,"column":1}},"line":87}},"branchMap":{},"s":{"0":2,"1":2,"2":13,"3":2,"4":13,"5":2,"6":2,"7":52,"8":52,"9":2,"10":2,"11":26,"12":26,"13":2,"14":13,"15":13},"f":{"0":13,"1":13,"2":52,"3":52,"4":26,"5":26,"6":13,"7":13},"b":{},"_coverageSchema":"1a1c01bbd47fc00a2c39e90264f33305004495a9","hash":"93771b7c912eac64c13312e014b4804d2ad7e0a0"}
,"/home/runner/work/portfolio-main/portfolio-main/src/components/HeroBgAnimation/HeroBgAnimationStyle.js": {"path":"/home/runner/work/portfolio-main/portfolio-main/src/components/HeroBgAnimation/HeroBgAnimationStyle.js","statementMap":{"0":{"start":{"line":4,"column":19},"end":{"line":7,"column":1}}},"fnMap":{},"branchMap":{},"s":{"0":0},"f":{},"b":{}}
,"/home/runner/work/portfolio-main/portfolio-main/src/components/HeroBgAnimation/index.js": {"path":"/home/runner/work/portfolio-main/portfolio-main/src/components/HeroBgAnimation/index.js","statementMap":{"0":{"start":{"line":3,"column":24},"end":{"line":363,"column":1}},"1":{"start":{"line":4,"column":2},"end":{"line":362,"column":8}}},"fnMap":{"0":{"name":"(anonymous_0)","decl":{"start":{"line":3,"column":24},"end":{"line":3,"column":25}},"loc":{"start":{"line":4,"column":2},"end":{"line":362,"column":8}},"line":4}},"branchMap":{},"s":{"0":0,"1":0},"f":{"0":0},"b":{}}
,"/home/runner/work/portfolio-main/portfolio-main/src/components/HeroSection/HeroStyle.js": {"path":"/home/runner/work/portfolio-main/portfolio-main/src/components/HeroSection/HeroStyle.js","statementMap":{"0":{"start":{"line":4,"column":29},"end":{"line":17,"column":1}},"1":{"start":{"line":5,"column":31},"end":{"line":5,"column":47}},"2":{"start":{"line":19,"column":22},"end":{"line":41,"column":1}},"3":{"start":{"line":43,"column":34},"end":{"line":54,"column":1}},"4":{"start":{"line":55,"column":33},"end":{"line":73,"column":1}},"5":{"start":{"line":75,"column":34},"end":{"line":91,"column":1}},"6":{"start":{"line":93,"column":19},"end":{"line":111,"column":1}},"7":{"start":{"line":100,"column":37},"end":{"line":100,"column":50}},"8":{"start":{"line":113,"column":21},"end":{"line":127,"column":1}},"9":{"start":{"line":116,"column":26},"end":{"line":116,"column":44}},"10":{"start":{"line":129,"column":24},"end":{"line":144,"column":1}},"11":{"start":{"line":134,"column":26},"end":{"line":134,"column":44}},"12":{"start":{"line":146,"column":20},"end":{"line":149,"column":1}},"13":{"start":{"line":147,"column":26},"end":{"line":147,"column":39}},"14":{"start":{"line":151,"column":24},"end":{"line":165,"column":1}},"15":{"start":{"line":155,"column":26},"end":{"line":155,"column":49}},"16":{"start":{"line":167,"column":28},"end":{"line":210,"column":1}},"17":{"start":{"line":176,"column":26},"end":{"line":176,"column":37}}},"fnMap":{"0":{"name":"(anonymous_0)","decl":{"start":{"line":5,"column":16},"end":{"line":5,"column":17}},"loc":{"start":{"line":5,"column":31},"end":{"line":5,"column":47}},"line":5},"1":{"name":"(anonymous_1)","decl":{"start":{"line":100,"column":22},"end":{"line":100,"column":23}},"loc":{"start":{"line":100,"column":37},"end":{"line":100,"column":50}},"line":100},"2":{"name":"(anonymous_2)","decl":{"start":{"line":116,"column":11},"end":{"line":116,"column":12}},"loc":{"start":{"line":116,"column":26},"end":{"line":116,"column":44}},"line":116},"3":{"name":"(anonymous_3)","decl":{"start":{"line":134,"column":11},"end":{"line":134,"column":12}},"loc":{"start":{"line":134,"column":26},"end":{"line":134,"column":44}},"line":134},"4":{"name":"(anonymous_4)","decl":{"start":{"line":147,"column":11},"end":{"line":147,"column":12}},"loc":{"start":{"line":147,"column":26},"end":{"line":147,"column":39}},"line":147},"5":{"name":"(anonymous_5)","decl":{"start":{"line":155,"column":11},"end":{"line":155,"column":12}},"loc":{"start":{"line":155,"column":26},"end":{"line":155,"column":49}},"line":155},"6":{"name":"(anonymous_6)","decl":{"start":{"line":176,"column":11},"end":{"line":176,"column":12}},"loc":{"start":{"line":176,"column":26},"end":{"line":176,"column":37}},"line":176}},"branchMap":{},"s":{"0":2,"1":15,"2":2,"3":2,"4":2,"5":2,"6":2,"7":15,"8":2,"9":15,"10":2,"11":15,"12":2,"13":15,"14":2,"15":15,"16":2,"17":15},"f":{"0":15,"1":15,"2":15,"3":15,"4":15,"5":15,"6":15},"b":{},"_coverageSchema":"1a1c01bbd47fc00a2c39e90264f33305004495a9","hash":"b2a87471712355759ed78edcf1434fffdf3540a1"}
,"/home/runner/work/portfolio-main/portfolio-main/src/components/HeroSection/index.js": {"path":"/home/runner/work/portfolio-main/portfolio-main/src/components/HeroSection/index.js","statementMap":{"0":{"start":{"line":18,"column":20},"end":{"line":61,"column":1}},"1":{"start":{"line":19,"column":2},"end":{"line":60,"column":4}}},"fnMap":{"0":{"name":"(anonymous_0)","decl":{"start":{"line":18,"column":20},"end":{"line":18,"column":21}},"loc":{"start":{"line":18,"column":26},"end":{"line":61,"column":1}},"line":18}},"branchMap":{},"s":{"0":2,"1":15},"f":{"0":15},"b":{},"_coverageSchema":"1a1c01bbd47fc00a2c39e90264f33305004495a9","hash":"e170abca1646c4cb979c0f19c6470623270db24b"}
,"/home/runner/work/portfolio-main/portfolio-main/src/components/Navbar/NavbarStyledComponent.js": {"path":"/home/runner/work/portfolio-main/portfolio-main/src/components/Navbar/NavbarStyledComponent.js","statementMap":{"0":{"start":{"line":4,"column":19},"end":{"line":17,"column":1}},"1":{"start":{"line":5,"column":37},"end":{"line":5,"column":53}},"2":{"start":{"line":18,"column":31},"end":{"line":30,"column":1}},"3":{"start":{"line":32,"column":23},"end":{"line":42,"column":1}},"4":{"start":{"line":43,"column":20},"end":{"line":47,"column":1}},"5":{"start":{"line":48,"column":24},"end":{"line":60,"column":1}},"6":{"start":{"line":62,"column":23},"end":{"line":75,"column":1}},"7":{"start":{"line":63,"column":26},"end":{"line":63,"column":44}},"8":{"start":{"line":69,"column":28},"end":{"line":69,"column":41}},"9":{"start":{"line":73,"column":46},"end":{"line":73,"column":59}},"10":{"start":{"line":77,"column":28},"end":{"line":98,"column":1}},"11":{"start":{"line":78,"column":39},"end":{"line":78,"column":52}},"12":{"start":{"line":84,"column":26},"end":{"line":84,"column":39}},"13":{"start":{"line":92,"column":33},"end":{"line":92,"column":46}},"14":{"start":{"line":93,"column":28},"end":{"line":93,"column":39}},"15":{"start":{"line":100,"column":31},"end":{"line":110,"column":1}},"16":{"start":{"line":112,"column":26},"end":{"line":124,"column":1}},"17":{"start":{"line":122,"column":28},"end":{"line":122,"column":46}},"18":{"start":{"line":126,"column":26},"end":{"line":144,"column":1}},"19":{"start":{"line":136,"column":31},"end":{"line":136,"column":52}},"20":{"start":{"line":139,"column":4},"end":{"line":139,"column":50}},"21":{"start":{"line":142,"column":30},"end":{"line":142,"column":51}},"22":{"start":{"line":143,"column":30},"end":{"line":143,"column":55}},"23":{"start":{"line":146,"column":31},"end":{"line":155,"column":1}},"24":{"start":{"line":157,"column":30},"end":{"line":170,"column":1}},"25":{"start":{"line":158,"column":26},"end":{"line":158,"column":44}},"26":{"start":{"line":164,"column":28},"end":{"line":164,"column":41}},"27":{"start":{"line":168,"column":46},"end":{"line":168,"column":59}},"28":{"start":{"line":172,"column":32},"end":{"line":191,"column":1}},"29":{"start":{"line":173,"column":39},"end":{"line":173,"column":52}},"30":{"start":{"line":179,"column":26},"end":{"line":179,"column":39}},"31":{"start":{"line":188,"column":33},"end":{"line":188,"column":46}},"32":{"start":{"line":189,"column":28},"end":{"line":189,"column":39}},"33":{"start":{"line":193,"column":26},"end":{"line":206,"column":1}},"34":{"start":{"line":194,"column":26},"end":{"line":194,"column":44}},"35":{"start":{"line":200,"column":28},"end":{"line":200,"column":41}},"36":{"start":{"line":204,"column":46},"end":{"line":204,"column":59}},"37":{"start":{"line":208,"column":29},"end":{"line":218,"column":1}}},"fnMap":{"0":{"name":"(anonymous_0)","decl":{"start":{"line":5,"column":22},"end":{"line":5,"column":23}},"loc":{"start":{"line":5,"column":37},"end":{"line":5,"column":53}},"line":5},"1":{"name":"(anonymous_1)","decl":{"start":{"line":63,"column":11},"end":{"line":63,"column":12}},"loc":{"start":{"line":63,"column":26},"end":{"line":63,"column":44}},"line":63},"2":{"name":"(anonymous_2)","decl":{"start":{"line":69,"column":13},"end":{"line":69,"column":14}},"loc":{"start":{"line":69,"column":28},"end":{"line":69,"column":41}},"line":69},"3":{"name":"(anonymous_3)","decl":{"start":{"line":73,"column":31},"end":{"line":73,"column":32}},"loc":{"start":{"line":73,"column":46},"end":{"line":73,"column":59}},"line":73},"4":{"name":"(anonymous_4)","decl":{"start":{"line":78,"column":24},"end":{"line":78,"column":25}},"loc":{"start":{"line":78,"column":39},"end":{"line":78,"column":52}},"line":78},"5":{"name":"(anonymous_5)","decl":{"start":{"line":84,"column":11},"end":{"line":84,"column":12}},"loc":{"start":{"line":84,"column":26},"end":{"line":84,"column":39}},"line":84},"6":{"name":"(anonymous_6)","decl":{"start":{"line":92,"column":18},"end":{"line":92,"column":19}},"loc":{"start":{"line":92,"column":33},"end":{"line":92,"column":46}},"line":92},"7":{"name":"(anonymous_7)","decl":{"start":{"line":93,"column":13},"end":{"line":93,"column":14}},"loc":{"start":{"line":93,"column":28},"end":{"line":93,"column":39}},"line":93},"8":{"name":"(anonymous_8)","decl":{"start":{"line":122,"column":13},"end":{"line":122,"column":14}},"loc":{"start":{"line":122,"column":28},"end":{"line":122,"column":46}},"line":122},"9":{"name":"(anonymous_9)","decl":{"start":{"line":136,"column":16},"end":{"line":136,"column":17}},"loc":{"start":{"line":136,"column":31},"end":{"line":136,"column":52}},"line":136},"10":{"name":"(anonymous_10)","decl":{"start":{"line":138,"column":15},"end":{"line":138,"column":16}},"loc":{"start":{"line":139,"column":4},"end":{"line":139,"column":50}},"line":139},"11":{"name":"(anonymous_11)","decl":{"start":{"line":142,"column":13},"end":{"line":142,"column":14}},"loc":{"start":{"line":142,"column":30},"end":{"line":142,"column":51}},"line":142},"12":{"name":"(anonymous_12)","decl":{"start":{"line":143,"column":13},"end":{"line":143,"column":14}},"loc":{"start":{"line":143,"column":30},"end":{"line":143,"column":55}},"line":143},"13":{"name":"(anonymous_13)","decl":{"start":{"line":158,"column":11},"end":{"line":158,"column":12}},"loc":{"start":{"line":158,"column":26},"end":{"line":158,"column":44}},"line":158},"14":{"name":"(anonymous_14)","decl":{"start":{"line":164,"column":13},"end":{"line":164,"column":14}},"loc":{"start":{"line":164,"column":28},"end":{"line":164,"column":41}},"line":164},"15":{"name":"(anonymous_15)","decl":{"start":{"line":168,"column":31},"end":{"line":168,"column":32}},"loc":{"start":{"line":168,"column":46},"end":{"line":168,"column":59}},"line":168},"16":{"name":"(anonymous_16)","decl":{"start":{"line":173,"column":24},"end":{"line":173,"column":25}},"loc":{"start":{"line":173,"column":39},"end":{"line":173,"column":52}},"line":173},"17":{"name":"(anonymous_17)","decl":{"start":{"line":179,"column":11},"end":{"line":179,"column":12}},"loc":{"start":{"line":179,"column":26},"end":{"line":179,"column":39}},"line":179},"18":{"name":"(anonymous_18)","decl":{"start":{"line":188,"column":18},"end":{"line":188,"column":19}},"loc":{"start":{"line":188,"column":33},"end":{"line":188,"column":46}},"line":188},"19":{"name":"(anonymous_19)","decl":{"start":{"line":189,"column":13},"end":{"line":189,"column":14}},"loc":{"start":{"line":189,"column":28},"end":{"line":189,"column":39}},"line":189},"20":{"name":"(anonymous_20)","decl":{"start":{"line":194,"column":11},"end":{"line":194,"column":12}},"loc":{"start":{"line":194,"column":26},"end":{"line":194,"column":44}},"line":194},"21":{"name":"(anonymous_21)","decl":{"start":{"line":200,"column":13},"end":{"line":200,"column":14}},"loc":{"start":{"line":200,"column":28},"end":{"line":200,"column":41}},"line":200},"22":{"name":"(anonymous_22)","decl":{"start":{"line":204,"column":31},"end":{"line":204,"column":32}},"loc":{"start":{"line":204,"column":46},"end":{"line":204,"column":59}},"line":204}},"branchMap":{"0":{"loc":{"start":{"line":139,"column":4},"end":{"line":139,"column":50}},"type":"cond-expr","locations":[{"start":{"line":139,"column":13},"end":{"line":139,"column":28}},{"start":{"line":139,"column":31},"end":{"line":139,"column":50}}],"line":139},"1":{"loc":{"start":{"line":142,"column":30},"end":{"line":142,"column":51}},"type":"cond-expr","locations":[{"start":{"line":142,"column":39},"end":{"line":142,"column":45}},{"start":{"line":142,"column":48},"end":{"line":142,"column":51}}],"line":142},"2":{"loc":{"start":{"line":143,"column":30},"end":{"line":143,"column":55}},"type":"cond-expr","locations":[{"start":{"line":143,"column":39},"end":{"line":143,"column":45}},{"start":{"line":143,"column":48},"end":{"line":143,"column":55}}],"line":143}},"s":{"0":2,"1":13,"2":2,"3":2,"4":2,"5":2,"6":2,"7":65,"8":65,"9":65,"10":2,"11":13,"12":13,"13":13,"14":13,"15":2,"16":2,"17":13,"18":2,"19":0,"20":0,"21":0,"22":0,"23":2,"24":2,"25":0,"26":0,"27":0,"28":2,"29":0,"30":0,"31":0,"32":0,"33":2,"34":0,"35":0,"36":0,"37":2},"f":{"0":13,"1":65,"2":65,"3":65,"4":13,"5":13,"6":13,"7":13,"8":13,"9":0,"10":0,"11":0,"12":0,"13":0,"14":0,"15":0,"16":0,"17":0,"18":0,"19":0,"20":0,"21":0,"22":0},"b":{"0":[0,0],"1":[0,0],"2":[0,0]},"_coverageSchema":"1a1c01bbd47fc00a2c39e90264f33305004495a9","hash":"0520a219e3bc46391ca03a9e5cd28b183f92d658"}
,"/home/runner/work/portfolio-main/portfolio-main/src/components/Navbar/index.js": {"path":"/home/runner/work/portfolio-main/portfolio-main/src/components/Navbar/index.js","statementMap":{"0":{"start":{"line":21,"column":15},"end":{"line":125,"column":1}},"1":{"start":{"line":22,"column":30},"end":{"line":22,"column":51}},"2":{"start":{"line":23,"column":16},"end":{"line":23,"column":26}},"3":{"start":{"line":24,"column":2},"end":{"line":124,"column":4}},"4":{"start":{"line":43,"column":14},"end":{"line":43,"column":33}},"5":{"start":{"line":68,"column":16},"end":{"line":68,"column":35}},"6":{"start":{"line":76,"column":16},"end":{"line":76,"column":35}},"7":{"start":{"line":84,"column":16},"end":{"line":84,"column":35}},"8":{"start":{"line":95,"column":16},"end":{"line":95,"column":35}},"9":{"start":{"line":103,"column":16},"end":{"line":103,"column":35}}},"fnMap":{"0":{"name":"(anonymous_0)","decl":{"start":{"line":21,"column":15},"end":{"line":21,"column":16}},"loc":{"start":{"line":21,"column":21},"end":{"line":125,"column":1}},"line":21},"1":{"name":"(anonymous_1)","decl":{"start":{"line":42,"column":21},"end":{"line":42,"column":22}},"loc":{"start":{"line":42,"column":27},"end":{"line":44,"column":13}},"line":42},"2":{"name":"(anonymous_2)","decl":{"start":{"line":67,"column":23},"end":{"line":67,"column":24}},"loc":{"start":{"line":67,"column":29},"end":{"line":69,"column":15}},"line":67},"3":{"name":"(anonymous_3)","decl":{"start":{"line":75,"column":23},"end":{"line":75,"column":24}},"loc":{"start":{"line":75,"column":29},"end":{"line":77,"column":15}},"line":75},"4":{"name":"(anonymous_4)","decl":{"start":{"line":83,"column":23},"end":{"line":83,"column":24}},"loc":{"start":{"line":83,"column":29},"end":{"line":85,"column":15}},"line":83},"5":{"name":"(anonymous_5)","decl":{"start":{"line":94,"column":23},"end":{"line":94,"column":24}},"loc":{"start":{"line":94,"column":29},"end":{"line":96,"column":15}},"line":94},"6":{"name":"(anonymous_6)","decl":{"start":{"line":102,"column":23},"end":{"line":102,"column":24}},"loc":{"start":{"line":102,"column":29},"end":{"line":104,"column":15}},"line":102}},"branchMap":{"0":{"loc":{"start":{"line":63,"column":9},"end":{"line":121,"column":9}},"type":"binary-expr","locations":[{"start":{"line":63,"column":9},"end":{"line":63,"column":15}},{"start":{"line":64,"column":10},"end":{"line":120,"column":23}}],"line":63}},"s":{"0":2,"1":15,"2":13,"3":13,"4":0,"5":0,"6":0,"7":0,"8":0,"9":0},"f":{"0":15,"1":0,"2":0,"3":0,"4":0,"5":0,"6":0},"b":{"0":[13,0]},"_coverageSchema":"1a1c01bbd47fc00a2c39e90264f33305004495a9","hash":"3167707c68464c26d855c7d46373f6c5bb9718c2"}
,"/home/runner/work/portfolio-main/portfolio-main/src/components/ProjectDetails/index.jsx": {"path":"/home/runner/work/portfolio-main/portfolio-main/src/components/ProjectDetails/index.jsx","statementMap":{"0":{"start":{"line":6,"column":18},"end":{"line":18,"column":1}},"1":{"start":{"line":20,"column":16},"end":{"line":32,"column":1}},"2":{"start":{"line":26,"column":35},"end":{"line":26,"column":45}},"3":{"start":{"line":27,"column":24},"end":{"line":27,"column":42}},"4":{"start":{"line":34,"column":14},"end":{"line":43,"column":1}},"5":{"start":{"line":37,"column":26},"end":{"line":37,"column":44}},"6":{"start":{"line":45,"column":13},"end":{"line":53,"column":1}},"7":{"start":{"line":49,"column":28},"end":{"line":49,"column":48}},"8":{"start":{"line":57,"column":13},"end":{"line":66,"column":1}},"9":{"start":{"line":60,"column":28},"end":{"line":60,"column":46}},"10":{"start":{"line":68,"column":14},"end":{"line":74,"column":1}},"11":{"start":{"line":76,"column":14},"end":{"line":85,"column":1}},"12":{"start":{"line":79,"column":28},"end":{"line":79,"column":46}},"13":{"start":{"line":87,"column":13},"end":{"line":94,"column":1}},"14":{"start":{"line":96,"column":12},"end":{"line":107,"column":1}},"15":{"start":{"line":99,"column":28},"end":{"line":99,"column":41}},"16":{"start":{"line":103,"column":39},"end":{"line":103,"column":57}},"17":{"start":{"line":109,"column":16},"end":{"line":118,"column":1}},"18":{"start":{"line":120,"column":15},"end":{"line":124,"column":1}},"19":{"start":{"line":126,"column":20},"end":{"line":137,"column":1}},"20":{"start":{"line":139,"column":19},"end":{"line":147,"column":1}},"21":{"start":{"line":143,"column":28},"end":{"line":143,"column":46}},"22":{"start":{"line":150,"column":20},"end":{"line":155,"column":1}},"23":{"start":{"line":157,"column":15},"end":{"line":182,"column":1}},"24":{"start":{"line":162,"column":28},"end":{"line":162,"column":46}},"25":{"start":{"line":165,"column":39},"end":{"line":165,"column":52}},"26":{"start":{"line":166,"column":27},"end":{"line":172,"column":5}},"27":{"start":{"line":170,"column":47},"end":{"line":170,"column":60}},"28":{"start":{"line":177,"column":43},"end":{"line":177,"column":61}},"29":{"start":{"line":185,"column":14},"end":{"line":237,"column":1}},"30":{"start":{"line":186,"column":20},"end":{"line":186,"column":38}},"31":{"start":{"line":187,"column":4},"end":{"line":236,"column":5}},"32":{"start":{"line":188,"column":42},"end":{"line":188,"column":87}},"33":{"start":{"line":198,"column":39},"end":{"line":198,"column":84}},"34":{"start":{"line":205,"column":28},"end":{"line":205,"column":44}},"35":{"start":{"line":214,"column":36},"end":{"line":223,"column":45}}},"fnMap":{"0":{"name":"(anonymous_0)","decl":{"start":{"line":26,"column":20},"end":{"line":26,"column":21}},"loc":{"start":{"line":26,"column":35},"end":{"line":26,"column":45}},"line":26},"1":{"name":"(anonymous_1)","decl":{"start":{"line":27,"column":9},"end":{"line":27,"column":10}},"loc":{"start":{"line":27,"column":24},"end":{"line":27,"column":42}},"line":27},"2":{"name":"(anonymous_2)","decl":{"start":{"line":37,"column":11},"end":{"line":37,"column":12}},"loc":{"start":{"line":37,"column":26},"end":{"line":37,"column":44}},"line":37},"3":{"name":"(anonymous_3)","decl":{"start":{"line":49,"column":13},"end":{"line":49,"column":14}},"loc":{"start":{"line":49,"column":28},"end":{"line":49,"column":48}},"line":49},"4":{"name":"(anonymous_4)","decl":{"start":{"line":60,"column":13},"end":{"line":60,"column":14}},"loc":{"start":{"line":60,"column":28},"end":{"line":60,"column":46}},"line":60},"5":{"name":"(anonymous_5)","decl":{"start":{"line":79,"column":13},"end":{"line":79,"column":14}},"loc":{"start":{"line":79,"column":28},"end":{"line":79,"column":46}},"line":79},"6":{"name":"(anonymous_6)","decl":{"start":{"line":99,"column":13},"end":{"line":99,"column":14}},"loc":{"start":{"line":99,"column":28},"end":{"line":99,"column":41}},"line":99},"7":{"name":"(anonymous_7)","decl":{"start":{"line":103,"column":24},"end":{"line":103,"column":25}},"loc":{"start":{"line":103,"column":39},"end":{"line":103,"column":57}},"line":103},"8":{"name":"(anonymous_8)","decl":{"start":{"line":143,"column":13},"end":{"line":143,"column":14}},"loc":{"start":{"line":143,"column":28},"end":{"line":143,"column":46}},"line":143},"9":{"name":"(anonymous_9)","decl":{"start":{"line":162,"column":13},"end":{"line":162,"column":14}},"loc":{"start":{"line":162,"column":28},"end":{"line":162,"column":46}},"line":162},"10":{"name":"(anonymous_10)","decl":{"start":{"line":165,"column":24},"end":{"line":165,"column":25}},"loc":{"start":{"line":165,"column":39},"end":{"line":165,"column":52}},"line":165},"11":{"name":"(anonymous_11)","decl":{"start":{"line":166,"column":6},"end":{"line":166,"column":7}},"loc":{"start":{"line":166,"column":27},"end":{"line":172,"column":5}},"line":166},"12":{"name":"(anonymous_12)","decl":{"start":{"line":170,"column":32},"end":{"line":170,"column":33}},"loc":{"start":{"line":170,"column":47},"end":{"line":170,"column":60}},"line":170},"13":{"name":"(anonymous_13)","decl":{"start":{"line":177,"column":28},"end":{"line":177,"column":29}},"loc":{"start":{"line":177,"column":43},"end":{"line":177,"column":61}},"line":177},"14":{"name":"(anonymous_14)","decl":{"start":{"line":185,"column":14},"end":{"line":185,"column":15}},"loc":{"start":{"line":185,"column":47},"end":{"line":237,"column":1}},"line":185},"15":{"name":"(anonymous_15)","decl":{"start":{"line":188,"column":36},"end":{"line":188,"column":37}},"loc":{"start":{"line":188,"column":42},"end":{"line":188,"column":87}},"line":188},"16":{"name":"(anonymous_16)","decl":{"start":{"line":198,"column":33},"end":{"line":198,"column":34}},"loc":{"start":{"line":198,"column":39},"end":{"line":198,"column":84}},"line":198},"17":{"name":"(anonymous_17)","decl":{"start":{"line":204,"column":43},"end":{"line":204,"column":44}},"loc":{"start":{"line":205,"column":28},"end":{"line":205,"column":44}},"line":205},"18":{"name":"(anonymous_18)","decl":{"start":{"line":213,"column":53},"end":{"line":213,"column":54}},"loc":{"start":{"line":214,"column":36},"end":{"line":223,"column":45}},"line":214}},"branchMap":{"0":{"loc":{"start":{"line":166,"column":27},"end":{"line":172,"column":5}},"type":"binary-expr","locations":[{"start":{"line":166,"column":27},"end":{"line":166,"column":31}},{"start":{"line":166,"column":35},"end":{"line":172,"column":5}}],"line":166},"1":{"loc":{"start":{"line":209,"column":21},"end":{"line":227,"column":21}},"type":"binary-expr","locations":[{"start":{"line":209,"column":21},"end":{"line":209,"column":35}},{"start":{"line":210,"column":24},"end":{"line":226,"column":27}}],"line":209}},"s":{"0":0,"1":0,"2":0,"3":0,"4":0,"5":0,"6":0,"7":0,"8":0,"9":0,"10":0,"11":0,"12":0,"13":0,"14":0,"15":0,"16":0,"17":0,"18":0,"19":0,"20":0,"21":0,"22":0,"23":0,"24":0,"25":0,"26":0,"27":0,"28":0,"29":0,"30":0,"31":0,"32":0,"33":0,"34":0,"35":0},"f":{"0":0,"1":0,"2":0,"3":0,"4":0,"5":0,"6":0,"7":0,"8":0,"9":0,"10":0,"11":0,"12":0,"13":0,"14":0,"15":0,"16":0,"17":0,"18":0},"b":{"0":[0,0],"1":[0,0]}}
,"/home/runner/work/portfolio-main/portfolio-main/src/components/Projects/ProjectsStyle.js": {"path":"/home/runner/work/portfolio-main/portfolio-main/src/components/Projects/ProjectsStyle.js","statementMap":{"0":{"start":{"line":3,"column":25},"end":{"line":16,"column":1}},"1":{"start":{"line":18,"column":23},"end":{"line":31,"column":1}},"2":{"start":{"line":33,"column":21},"end":{"line":43,"column":1}},"3":{"start":{"line":38,"column":26},"end":{"line":38,"column":44}},"4":{"start":{"line":45,"column":20},"end":{"line":54,"column":1}},"5":{"start":{"line":49,"column":26},"end":{"line":49,"column":46}},"6":{"start":{"line":56,"column":33},"end":{"line":67,"column":1}},"7":{"start":{"line":58,"column":39},"end":{"line":58,"column":52}},"8":{"start":{"line":59,"column":26},"end":{"line":59,"column":39}},"9":{"start":{"line":69,"column":28},"end":{"line":85,"column":1}},"10":{"start":{"line":74,"column":4},"end":{"line":77,"column":5}},"11":{"start":{"line":79,"column":33},"end":{"line":79,"column":50}},"12":{"start":{"line":86,"column":23},"end":{"line":89,"column":1}},"13":{"start":{"line":88,"column":31},"end":{"line":88,"column":44}},"14":{"start":{"line":91,"column":29},"end":{"line":107,"column":1}}},"fnMap":{"0":{"name":"(anonymous_0)","decl":{"start":{"line":38,"column":11},"end":{"line":38,"column":12}},"loc":{"start":{"line":38,"column":26},"end":{"line":38,"column":44}},"line":38},"1":{"name":"(anonymous_1)","decl":{"start":{"line":49,"column":11},"end":{"line":49,"column":12}},"loc":{"start":{"line":49,"column":26},"end":{"line":49,"column":46}},"line":49},"2":{"name":"(anonymous_2)","decl":{"start":{"line":58,"column":24},"end":{"line":58,"column":25}},"loc":{"start":{"line":58,"column":39},"end":{"line":58,"column":52}},"line":58},"3":{"name":"(anonymous_3)","decl":{"start":{"line":59,"column":11},"end":{"line":59,"column":12}},"loc":{"start":{"line":59,"column":26},"end":{"line":59,"column":39}},"line":59},"4":{"name":"(anonymous_4)","decl":{"start":{"line":73,"column":4},"end":{"line":73,"column":5}},"loc":{"start":{"line":74,"column":4},"end":{"line":77,"column":5}},"line":74},"5":{"name":"(anonymous_5)","decl":{"start":{"line":79,"column":18},"end":{"line":79,"column":19}},"loc":{"start":{"line":79,"column":33},"end":{"line":79,"column":50}},"line":79},"6":{"name":"(anonymous_6)","decl":{"start":{"line":88,"column":16},"end":{"line":88,"column":17}},"loc":{"start":{"line":88,"column":31},"end":{"line":88,"column":44}},"line":88}},"branchMap":{"0":{"loc":{"start":{"line":74,"column":4},"end":{"line":77,"column":5}},"type":"binary-expr","locations":[{"start":{"line":74,"column":4},"end":{"line":74,"column":10}},{"start":{"line":75,"column":4},"end":{"line":77,"column":5}}],"line":74}},"s":{"0":0,"1":0,"2":0,"3":0,"4":0,"5":0,"6":0,"7":0,"8":0,"9":0,"10":0,"11":0,"12":0,"13":0,"14":0},"f":{"0":0,"1":0,"2":0,"3":0,"4":0,"5":0,"6":0},"b":{"0":[0,0]}}
,"/home/runner/work/portfolio-main/portfolio-main/src/components/Projects/index.js": {"path":"/home/runner/work/portfolio-main/portfolio-main/src/components/Projects/index.js","statementMap":{"0":{"start":{"line":8,"column":17},"end":{"line":56,"column":1}},"1":{"start":{"line":9,"column":30},"end":{"line":9,"column":45}},"2":{"start":{"line":10,"column":2},"end":{"line":55,"column":3}},"3":{"start":{"line":19,"column":60},"end":{"line":19,"column":76}},"4":{"start":{"line":21,"column":53},"end":{"line":21,"column":69}},"5":{"start":{"line":25,"column":64},"end":{"line":25,"column":84}},"6":{"start":{"line":27,"column":57},"end":{"line":27,"column":77}},"7":{"start":{"line":31,"column":68},"end":{"line":31,"column":92}},"8":{"start":{"line":33,"column":61},"end":{"line":33,"column":85}},"9":{"start":{"line":37,"column":73},"end":{"line":37,"column":102}},"10":{"start":{"line":39,"column":66},"end":{"line":39,"column":95}},"11":{"start":{"line":45,"column":14},"end":{"line":45,"column":96}},"12":{"start":{"line":48,"column":30},"end":{"line":48,"column":53}},"13":{"start":{"line":50,"column":14},"end":{"line":50,"column":96}}},"fnMap":{"0":{"name":"(anonymous_0)","decl":{"start":{"line":8,"column":17},"end":{"line":8,"column":18}},"loc":{"start":{"line":8,"column":47},"end":{"line":56,"column":1}},"line":8},"1":{"name":"(anonymous_1)","decl":{"start":{"line":19,"column":54},"end":{"line":19,"column":55}},"loc":{"start":{"line":19,"column":60},"end":{"line":19,"column":76}},"line":19},"2":{"name":"(anonymous_2)","decl":{"start":{"line":21,"column":47},"end":{"line":21,"column":48}},"loc":{"start":{"line":21,"column":53},"end":{"line":21,"column":69}},"line":21},"3":{"name":"(anonymous_3)","decl":{"start":{"line":25,"column":58},"end":{"line":25,"column":59}},"loc":{"start":{"line":25,"column":64},"end":{"line":25,"column":84}},"line":25},"4":{"name":"(anonymous_4)","decl":{"start":{"line":27,"column":51},"end":{"line":27,"column":52}},"loc":{"start":{"line":27,"column":57},"end":{"line":27,"column":77}},"line":27},"5":{"name":"(anonymous_5)","decl":{"start":{"line":31,"column":62},"end":{"line":31,"column":63}},"loc":{"start":{"line":31,"column":68},"end":{"line":31,"column":92}},"line":31},"6":{"name":"(anonymous_6)","decl":{"start":{"line":33,"column":55},"end":{"line":33,"column":56}},"loc":{"start":{"line":33,"column":61},"end":{"line":33,"column":85}},"line":33},"7":{"name":"(anonymous_7)","decl":{"start":{"line":37,"column":67},"end":{"line":37,"column":68}},"loc":{"start":{"line":37,"column":73},"end":{"line":37,"column":102}},"line":37},"8":{"name":"(anonymous_8)","decl":{"start":{"line":39,"column":60},"end":{"line":39,"column":61}},"loc":{"start":{"line":39,"column":66},"end":{"line":39,"column":95}},"line":39},"9":{"name":"(anonymous_9)","decl":{"start":{"line":44,"column":17},"end":{"line":44,"column":18}},"loc":{"start":{"line":45,"column":14},"end":{"line":45,"column":96}},"line":45},"10":{"name":"(anonymous_10)","decl":{"start":{"line":48,"column":20},"end":{"line":48,"column":21}},"loc":{"start":{"line":48,"column":30},"end":{"line":48,"column":53}},"line":48},"11":{"name":"(anonymous_11)","decl":{"start":{"line":49,"column":17},"end":{"line":49,"column":18}},"loc":{"start":{"line":50,"column":14},"end":{"line":50,"column":96}},"line":50}},"branchMap":{"0":{"loc":{"start":{"line":18,"column":11},"end":{"line":21,"column":89}},"type":"cond-expr","locations":[{"start":{"line":19,"column":12},"end":{"line":19,"column":96}},{"start":{"line":21,"column":12},"end":{"line":21,"column":89}}],"line":18},"1":{"loc":{"start":{"line":24,"column":11},"end":{"line":27,"column":103}},"type":"cond-expr","locations":[{"start":{"line":25,"column":12},"end":{"line":25,"column":110}},{"start":{"line":27,"column":12},"end":{"line":27,"column":103}}],"line":24},"2":{"loc":{"start":{"line":30,"column":11},"end":{"line":33,"column":115}},"type":"cond-expr","locations":[{"start":{"line":31,"column":12},"end":{"line":31,"column":122}},{"start":{"line":33,"column":12},"end":{"line":33,"column":115}}],"line":30},"3":{"loc":{"start":{"line":36,"column":11},"end":{"line":39,"column":128}},"type":"cond-expr","locations":[{"start":{"line":37,"column":12},"end":{"line":37,"column":135}},{"start":{"line":39,"column":12},"end":{"line":39,"column":128}}],"line":36},"4":{"loc":{"start":{"line":43,"column":11},"end":{"line":46,"column":14}},"type":"binary-expr","locations":[{"start":{"line":43,"column":11},"end":{"line":43,"column":27}},{"start":{"line":43,"column":31},"end":{"line":46,"column":14}}],"line":43}},"s":{"0":0,"1":0,"2":0,"3":0,"4":0,"5":0,"6":0,"7":0,"8":0,"9":0,"10":0,"11":0,"12":0,"13":0},"f":{"0":0,"1":0,"2":0,"3":0,"4":0,"5":0,"6":0,"7":0,"8":0,"9":0,"10":0,"11":0},"b":{"0":[0,0],"1":[0,0],"2":[0,0],"3":[0,0],"4":[0,0]}}
,"/home/runner/work/portfolio-main/portfolio-main/src/components/Skills/index.js": {"path":"/home/runner/work/portfolio-main/portfolio-main/src/components/Skills/index.js","statementMap":{"0":{"start":{"line":5,"column":18},"end":{"line":12,"column":1}},"1":{"start":{"line":14,"column":16},"end":{"line":26,"column":1}},"2":{"start":{"line":28,"column":21},"end":{"line":38,"column":1}},"3":{"start":{"line":33,"column":26},"end":{"line":33,"column":44}},"4":{"start":{"line":40,"column":20},"end":{"line":48,"column":1}},"5":{"start":{"line":44,"column":26},"end":{"line":44,"column":46}},"6":{"start":{"line":50,"column":24},"end":{"line":57,"column":1}},"7":{"start":{"line":59,"column":14},"end":{"line":75,"column":1}},"8":{"start":{"line":62,"column":31},"end":{"line":62,"column":41}},"9":{"start":{"line":77,"column":19},"end":{"line":83,"column":1}},"10":{"start":{"line":80,"column":26},"end":{"line":80,"column":46}},"11":{"start":{"line":85,"column":18},"end":{"line":91,"column":1}},"12":{"start":{"line":93,"column":18},"end":{"line":112,"column":1}},"13":{"start":{"line":96,"column":26},"end":{"line":96,"column":49}},"14":{"start":{"line":97,"column":37},"end":{"line":97,"column":60}},"15":{"start":{"line":114,"column":19},"end":{"line":117,"column":1}},"16":{"start":{"line":119,"column":15},"end":{"line":146,"column":1}},"17":{"start":{"line":120,"column":2},"end":{"line":145,"column":4}},"18":{"start":{"line":130,"column":12},"end":{"line":140,"column":20}},"19":{"start":{"line":134,"column":18},"end":{"line":137,"column":30}}},"fnMap":{"0":{"name":"(anonymous_0)","decl":{"start":{"line":33,"column":11},"end":{"line":33,"column":12}},"loc":{"start":{"line":33,"column":26},"end":{"line":33,"column":44}},"line":33},"1":{"name":"(anonymous_1)","decl":{"start":{"line":44,"column":11},"end":{"line":44,"column":12}},"loc":{"start":{"line":44,"column":26},"end":{"line":44,"column":46}},"line":44},"2":{"name":"(anonymous_2)","decl":{"start":{"line":62,"column":16},"end":{"line":62,"column":17}},"loc":{"start":{"line":62,"column":31},"end":{"line":62,"column":41}},"line":62},"3":{"name":"(anonymous_3)","decl":{"start":{"line":80,"column":11},"end":{"line":80,"column":12}},"loc":{"start":{"line":80,"column":26},"end":{"line":80,"column":46}},"line":80},"4":{"name":"(anonymous_4)","decl":{"start":{"line":96,"column":11},"end":{"line":96,"column":12}},"loc":{"start":{"line":96,"column":26},"end":{"line":96,"column":49}},"line":96},"5":{"name":"(anonymous_5)","decl":{"start":{"line":97,"column":22},"end":{"line":97,"column":23}},"loc":{"start":{"line":97,"column":37},"end":{"line":97,"column":60}},"line":97},"6":{"name":"(anonymous_6)","decl":{"start":{"line":119,"column":15},"end":{"line":119,"column":16}},"loc":{"start":{"line":119,"column":21},"end":{"line":146,"column":1}},"line":119},"7":{"name":"(anonymous_7)","decl":{"start":{"line":129,"column":22},"end":{"line":129,"column":23}},"loc":{"start":{"line":130,"column":12},"end":{"line":140,"column":20}},"line":130},"8":{"name":"(anonymous_8)","decl":{"start":{"line":133,"column":34},"end":{"line":133,"column":35}},"loc":{"start":{"line":134,"column":18},"end":{"line":137,"column":30}},"line":134}},"branchMap":{},"s":{"0":2,"1":2,"2":2,"3":15,"4":2,"5":15,"6":2,"7":2,"8":75,"9":2,"10":75,"11":2,"12":2,"13":480,"14":480,"15":2,"16":2,"17":17,"18":85,"19":544},"f":{"0":15,"1":15,"2":75,"3":75,"4":480,"5":480,"6":17,"7":85,"8":544},"b":{},"_coverageSchema":"1a1c01bbd47fc00a2c39e90264f33305004495a9","hash":"297a33651093c5c30da93f5c7a00bc735c226386"}
,"/home/runner/work/portfolio-main/portfolio-main/src/data/constants.js": {"path":"/home/runner/work/portfolio-main/portfolio-main/src/data/constants.js","statementMap":{"0":{"start":{"line":1,"column":19},"end":{"line":11,"column":1}},"1":{"start":{"line":13,"column":22},"end":{"line":71,"column":1}},"2":{"start":{"line":73,"column":27},"end":{"line":114,"column":1}},"3":{"start":{"line":116,"column":25},"end":{"line":131,"column":1}},"4":{"start":{"line":133,"column":30},"end":{"line":162,"column":1}}},"fnMap":{},"branchMap":{},"s":{"0":9,"1":9,"2":9,"3":9,"4":9},"f":{},"b":{},"_coverageSchema":"1a1c01bbd47fc00a2c39e90264f33305004495a9","hash":"bcdd2853bc7e122695e7c5d2e97e45d57f043b66"}
,"/home/runner/work/portfolio-main/portfolio-main/src/utils/Themes.js": {"path":"/home/runner/work/portfolio-main/portfolio-main/src/utils/Themes.js","statementMap":{"0":{"start":{"line":1,"column":25},"end":{"line":12,"column":1}},"1":{"start":{"line":14,"column":26},"end":{"line":22,"column":1}}},"fnMap":{},"branchMap":{},"s":{"0":12,"1":12},"f":{},"b":{},"_coverageSchema":"1a1c01bbd47fc00a2c39e90264f33305004495a9","hash":"9140b631d82be9441f42b286fb8d14017edbd33f"}
}
