TN:
SF:src/App.js
FN:17,(anonymous_0)
FN:36,App
FNF:2
FNH:2
FNDA:8,(anonymous_0)
FNDA:9,App
DA:16,1
DA:17,8
DA:22,1
DA:37,9
DA:40,8
LF:5
LH:5
BRDA:41,0,0,0
BRDA:41,0,1,8
BRF:2
BRH:1
end_of_record
TN:
SF:src/components/About/AboutStyle.js
FN:14,(anonymous_0)
FN:17,(anonymous_1)
FNF:2
FNH:0
FNDA:0,(anonymous_0)
FNDA:0,(anonymous_1)
DA:5,0
DA:10,0
DA:14,0
DA:17,0
LF:4
LH:0
BRF:0
BRH:0
end_of_record
TN:
SF:src/components/About/index.js
FN:3,(anonymous_0)
FNF:1
FNH:0
FNDA:0,(anonymous_0)
DA:3,0
DA:4,0
LF:2
LH:0
BRF:0
BRH:0
end_of_record
TN:
SF:src/components/Cards/CertificationCard.jsx
FN:94,(anonymous_0)
FN:103,(anonymous_1)
FN:112,(anonymous_2)
FN:127,(anonymous_3)
FNF:4
FNH:4
FNDA:61,(anonymous_0)
FNDA:61,(anonymous_1)
FNDA:61,(anonymous_2)
FNDA:61,(anonymous_3)
DA:4,3
DA:27,3
DA:36,3
DA:69,3
DA:75,3
DA:85,3
DA:91,3
DA:94,61
DA:100,3
DA:103,61
DA:109,3
DA:112,61
DA:127,3
DA:128,61
LF:14
LH:14
BRF:0
BRH:0
end_of_record
TN:
SF:src/components/Cards/EducationCard.jsx
FN:94,(anonymous_0)
FN:103,(anonymous_1)
FN:112,(anonymous_2)
FN:127,(anonymous_3)
FNF:4
FNH:4
FNDA:33,(anonymous_0)
FNDA:33,(anonymous_1)
FNDA:33,(anonymous_2)
FNDA:33,(anonymous_3)
DA:4,3
DA:27,3
DA:36,3
DA:69,3
DA:75,3
DA:85,3
DA:91,3
DA:94,33
DA:100,3
DA:103,33
DA:109,3
DA:112,33
DA:127,3
DA:128,33
LF:14
LH:14
BRF:0
BRH:0
end_of_record
TN:
SF:src/components/Cards/ExperienceCard.jsx
FN:20,(anonymous_0)
FN:88,(anonymous_1)
FN:97,(anonymous_2)
FN:106,(anonymous_3)
FN:129,(anonymous_4)
FN:137,(anonymous_5)
FN:159,(anonymous_6)
FNF:7
FNH:7
FNDA:79,(anonymous_0)
FNDA:79,(anonymous_1)
FNDA:79,(anonymous_2)
FNDA:79,(anonymous_3)
FNDA:472,(anonymous_4)
FNDA:79,(anonymous_5)
FNDA:472,(anonymous_6)
DA:4,3
DA:16,3
DA:20,79
DA:27,3
DA:36,3
DA:62,3
DA:68,3
DA:78,3
DA:85,3
DA:88,79
DA:94,3
DA:97,79
DA:103,3
DA:106,79
DA:113,3
DA:120,3
DA:126,3
DA:129,472
DA:137,3
DA:138,79
DA:160,472
LF:21
LH:21
BRDA:149,0,0,79
BRDA:149,0,1,78
BRDA:153,1,0,79
BRDA:153,1,1,78
BRDA:167,2,0,79
BRDA:167,2,1,0
BRF:6
BRH:5
end_of_record
TN:
SF:src/components/Cards/ProjectCards.jsx
FN:9,(anonymous_0)
FN:10,(anonymous_1)
FN:21,(anonymous_2)
FN:44,(anonymous_3)
FN:61,(anonymous_4)
FN:62,(anonymous_5)
FN:77,(anonymous_6)
FN:91,(anonymous_7)
FN:100,(anonymous_8)
FN:120,(anonymous_9)
FN:122,(anonymous_10)
FN:125,(anonymous_11)
FN:127,(anonymous_12)
FN:130,(anonymous_13)
FN:140,(anonymous_14)
FNF:15
FNH:0
FNDA:0,(anonymous_0)
FNDA:0,(anonymous_1)
FNDA:0,(anonymous_2)
FNDA:0,(anonymous_3)
FNDA:0,(anonymous_4)
FNDA:0,(anonymous_5)
FNDA:0,(anonymous_6)
FNDA:0,(anonymous_7)
FNDA:0,(anonymous_8)
FNDA:0,(anonymous_9)
FNDA:0,(anonymous_10)
FNDA:0,(anonymous_11)
FNDA:0,(anonymous_12)
FNDA:0,(anonymous_13)
FNDA:0,(anonymous_14)
DA:5,0
DA:9,0
DA:10,0
DA:18,0
DA:21,0
DA:41,0
DA:44,0
DA:49,0
DA:58,0
DA:61,0
DA:62,0
DA:67,0
DA:74,0
DA:77,0
DA:87,0
DA:91,0
DA:98,0
DA:100,0
DA:110,0
DA:115,0
DA:120,0
DA:122,0
DA:125,0
DA:126,0
DA:127,0
DA:131,0
DA:141,0
LF:27
LH:0
BRF:0
BRH:0
end_of_record
TN:
SF:src/components/Certification/index.js
FN:46,(anonymous_0)
FN:57,(anonymous_1)
FN:78,(anonymous_2)
FN:88,(anonymous_3)
FNF:4
FNH:4
FNDA:14,(anonymous_0)
FNDA:14,(anonymous_1)
FNDA:14,(anonymous_2)
FNDA:56,(anonymous_3)
DA:13,2
DA:26,2
DA:41,2
DA:46,14
DA:53,2
DA:57,14
DA:64,2
DA:78,2
DA:79,14
DA:89,56
LF:10
LH:10
BRDA:95,0,0,56
BRDA:95,0,1,42
BRF:2
BRH:2
end_of_record
TN:
SF:src/components/Contact/index.js
FN:16,(anonymous_0)
FN:23,(anonymous_1)
FN:29,(anonymous_2)
FN:39,(anonymous_3)
FN:45,(anonymous_4)
FN:46,(anonymous_5)
FN:51,(anonymous_6)
FN:58,(anonymous_7)
FN:59,(anonymous_8)
FN:78,(anonymous_9)
FN:82,(anonymous_10)
FN:94,(anonymous_11)
FN:98,(anonymous_12)
FN:116,(anonymous_13)
FNF:14
FNH:0
FNDA:0,(anonymous_0)
FNDA:0,(anonymous_1)
FNDA:0,(anonymous_2)
FNDA:0,(anonymous_3)
FNDA:0,(anonymous_4)
FNDA:0,(anonymous_5)
FNDA:0,(anonymous_6)
FNDA:0,(anonymous_7)
FNDA:0,(anonymous_8)
FNDA:0,(anonymous_9)
FNDA:0,(anonymous_10)
FNDA:0,(anonymous_11)
FNDA:0,(anonymous_12)
FNDA:0,(anonymous_13)
DA:6,0
DA:13,0
DA:16,0
DA:19,0
DA:23,0
DA:26,0
DA:29,0
DA:38,0
DA:39,0
DA:45,0
DA:46,0
DA:50,0
DA:51,0
DA:58,0
DA:59,0
DA:63,0
DA:78,0
DA:79,0
DA:80,0
DA:82,0
DA:83,0
DA:84,0
DA:86,0
DA:87,0
DA:88,0
DA:91,0
DA:95,0
DA:96,0
DA:98,0
DA:102,0
DA:116,0
LF:31
LH:0
BRDA:16,0,0,0
BRDA:16,0,1,0
BRDA:23,1,0,0
BRDA:23,1,1,0
BRDA:29,2,0,0
BRDA:29,2,1,0
BRDA:39,3,0,0
BRDA:39,3,1,0
BRDA:45,4,0,0
BRDA:45,4,1,0
BRDA:46,5,0,0
BRDA:46,5,1,0
BRDA:51,6,0,0
BRDA:51,6,1,0
BRDA:58,7,0,0
BRDA:58,7,1,0
BRDA:59,8,0,0
BRDA:59,8,1,0
BRDA:86,9,0,0
BRDA:86,9,1,0
BRDA:86,10,0,0
BRDA:86,10,1,0
BRDA:86,10,2,0
BRDA:86,10,3,0
BRF:24
BRH:0
end_of_record
TN:
SF:src/components/Education/index.js
FN:46,(anonymous_0)
FN:57,(anonymous_1)
FN:80,(anonymous_2)
FN:90,(anonymous_3)
FNF:4
FNH:4
FNDA:14,(anonymous_0)
FNDA:14,(anonymous_1)
FNDA:15,(anonymous_2)
FNDA:30,(anonymous_3)
DA:13,2
DA:26,2
DA:41,2
DA:46,14
DA:53,2
DA:57,14
DA:64,2
DA:80,2
DA:81,15
DA:91,30
LF:10
LH:10
BRDA:97,0,0,30
BRDA:97,0,1,30
BRF:2
BRH:2
end_of_record
TN:
SF:src/components/Experience/index.js
FN:46,(anonymous_0)
FN:57,(anonymous_1)
FN:77,(anonymous_2)
FN:87,(anonymous_3)
FNF:4
FNH:4
FNDA:14,(anonymous_0)
FNDA:14,(anonymous_1)
FNDA:16,(anonymous_2)
FNDA:80,(anonymous_3)
DA:13,2
DA:26,2
DA:41,2
DA:46,14
DA:53,2
DA:57,14
DA:64,2
DA:77,2
DA:78,16
DA:88,80
LF:10
LH:10
BRDA:91,0,0,80
BRDA:91,0,1,64
BRF:2
BRH:2
end_of_record
TN:
SF:src/components/Footer/index.js
FN:25,(anonymous_0)
FN:31,(anonymous_1)
FN:52,(anonymous_2)
FN:57,(anonymous_3)
FN:73,(anonymous_4)
FN:76,(anonymous_5)
FN:83,(anonymous_6)
FN:87,Footer
FNF:8
FNH:8
FNDA:13,(anonymous_0)
FNDA:13,(anonymous_1)
FNDA:52,(anonymous_2)
FNDA:52,(anonymous_3)
FNDA:26,(anonymous_4)
FNDA:26,(anonymous_5)
FNDA:13,(anonymous_6)
FNDA:13,Footer
DA:8,2
DA:17,2
DA:25,13
DA:28,2
DA:31,13
DA:34,2
DA:51,2
DA:52,52
DA:57,52
DA:64,2
DA:69,2
DA:73,26
DA:76,26
DA:80,2
DA:83,13
DA:88,13
LF:16
LH:16
BRF:0
BRH:0
end_of_record
TN:
SF:src/components/HeroBgAnimation/HeroBgAnimationStyle.js
FNF:0
FNH:0
DA:4,0
LF:1
LH:0
BRF:0
BRH:0
end_of_record
TN:
SF:src/components/HeroBgAnimation/index.js
FN:3,(anonymous_0)
FNF:1
FNH:0
FNDA:0,(anonymous_0)
DA:3,0
DA:4,0
LF:2
LH:0
BRF:0
BRH:0
end_of_record
TN:
SF:src/components/HeroSection/HeroStyle.js
FN:5,(anonymous_0)
FN:100,(anonymous_1)
FN:116,(anonymous_2)
FN:134,(anonymous_3)
FN:147,(anonymous_4)
FN:155,(anonymous_5)
FN:176,(anonymous_6)
FNF:7
FNH:7
FNDA:15,(anonymous_0)
FNDA:15,(anonymous_1)
FNDA:15,(anonymous_2)
FNDA:15,(anonymous_3)
FNDA:15,(anonymous_4)
FNDA:15,(anonymous_5)
FNDA:15,(anonymous_6)
DA:4,2
DA:5,15
DA:19,2
DA:43,2
DA:55,2
DA:75,2
DA:93,2
DA:100,15
DA:113,2
DA:116,15
DA:129,2
DA:134,15
DA:146,2
DA:147,15
DA:151,2
DA:155,15
DA:167,2
DA:176,15
LF:18
LH:18
BRF:0
BRH:0
end_of_record
TN:
SF:src/components/HeroSection/index.js
FN:18,(anonymous_0)
FNF:1
FNH:1
FNDA:15,(anonymous_0)
DA:18,2
DA:19,15
LF:2
LH:2
BRF:0
BRH:0
end_of_record
TN:
SF:src/components/Navbar/NavbarStyledComponent.js
FN:5,(anonymous_0)
FN:63,(anonymous_1)
FN:69,(anonymous_2)
FN:73,(anonymous_3)
FN:78,(anonymous_4)
FN:84,(anonymous_5)
FN:92,(anonymous_6)
FN:93,(anonymous_7)
FN:122,(anonymous_8)
FN:136,(anonymous_9)
FN:138,(anonymous_10)
FN:142,(anonymous_11)
FN:143,(anonymous_12)
FN:158,(anonymous_13)
FN:164,(anonymous_14)
FN:168,(anonymous_15)
FN:173,(anonymous_16)
FN:179,(anonymous_17)
FN:188,(anonymous_18)
FN:189,(anonymous_19)
FN:194,(anonymous_20)
FN:200,(anonymous_21)
FN:204,(anonymous_22)
FNF:23
FNH:9
FNDA:13,(anonymous_0)
FNDA:65,(anonymous_1)
FNDA:65,(anonymous_2)
FNDA:65,(anonymous_3)
FNDA:13,(anonymous_4)
FNDA:13,(anonymous_5)
FNDA:13,(anonymous_6)
FNDA:13,(anonymous_7)
FNDA:13,(anonymous_8)
FNDA:0,(anonymous_9)
FNDA:0,(anonymous_10)
FNDA:0,(anonymous_11)
FNDA:0,(anonymous_12)
FNDA:0,(anonymous_13)
FNDA:0,(anonymous_14)
FNDA:0,(anonymous_15)
FNDA:0,(anonymous_16)
FNDA:0,(anonymous_17)
FNDA:0,(anonymous_18)
FNDA:0,(anonymous_19)
FNDA:0,(anonymous_20)
FNDA:0,(anonymous_21)
FNDA:0,(anonymous_22)
DA:4,2
DA:5,13
DA:18,2
DA:32,2
DA:43,2
DA:48,2
DA:62,2
DA:63,65
DA:69,65
DA:73,65
DA:77,2
DA:78,13
DA:84,13
DA:92,13
DA:93,13
DA:100,2
DA:112,2
DA:122,13
DA:126,2
DA:136,0
DA:139,0
DA:142,0
DA:143,0
DA:146,2
DA:157,2
DA:158,0
DA:164,0
DA:168,0
DA:172,2
DA:173,0
DA:179,0
DA:188,0
DA:189,0
DA:193,2
DA:194,0
DA:200,0
DA:204,0
DA:208,2
LF:38
LH:24
BRDA:139,0,0,0
BRDA:139,0,1,0
BRDA:142,1,0,0
BRDA:142,1,1,0
BRDA:143,2,0,0
BRDA:143,2,1,0
BRF:6
BRH:0
end_of_record
TN:
SF:src/components/Navbar/index.js
FN:21,(anonymous_0)
FN:42,(anonymous_1)
FN:67,(anonymous_2)
FN:75,(anonymous_3)
FN:83,(anonymous_4)
FN:94,(anonymous_5)
FN:102,(anonymous_6)
FNF:7
FNH:1
FNDA:15,(anonymous_0)
FNDA:0,(anonymous_1)
FNDA:0,(anonymous_2)
FNDA:0,(anonymous_3)
FNDA:0,(anonymous_4)
FNDA:0,(anonymous_5)
FNDA:0,(anonymous_6)
DA:21,2
DA:22,15
DA:23,13
DA:24,13
DA:43,0
DA:68,0
DA:76,0
DA:84,0
DA:95,0
DA:103,0
LF:10
LH:4
BRDA:63,0,0,13
BRDA:63,0,1,0
BRF:2
BRH:1
end_of_record
TN:
SF:src/components/ProjectDetails/index.jsx
FN:26,(anonymous_0)
FN:27,(anonymous_1)
FN:37,(anonymous_2)
FN:49,(anonymous_3)
FN:60,(anonymous_4)
FN:79,(anonymous_5)
FN:99,(anonymous_6)
FN:103,(anonymous_7)
FN:143,(anonymous_8)
FN:162,(anonymous_9)
FN:165,(anonymous_10)
FN:166,(anonymous_11)
FN:170,(anonymous_12)
FN:177,(anonymous_13)
FN:185,(anonymous_14)
FN:188,(anonymous_15)
FN:198,(anonymous_16)
FN:204,(anonymous_17)
FN:213,(anonymous_18)
FNF:19
FNH:0
FNDA:0,(anonymous_0)
FNDA:0,(anonymous_1)
FNDA:0,(anonymous_2)
FNDA:0,(anonymous_3)
FNDA:0,(anonymous_4)
FNDA:0,(anonymous_5)
FNDA:0,(anonymous_6)
FNDA:0,(anonymous_7)
FNDA:0,(anonymous_8)
FNDA:0,(anonymous_9)
FNDA:0,(anonymous_10)
FNDA:0,(anonymous_11)
FNDA:0,(anonymous_12)
FNDA:0,(anonymous_13)
FNDA:0,(anonymous_14)
FNDA:0,(anonymous_15)
FNDA:0,(anonymous_16)
FNDA:0,(anonymous_17)
FNDA:0,(anonymous_18)
DA:6,0
DA:20,0
DA:26,0
DA:27,0
DA:34,0
DA:37,0
DA:45,0
DA:49,0
DA:57,0
DA:60,0
DA:68,0
DA:76,0
DA:79,0
DA:87,0
DA:96,0
DA:99,0
DA:103,0
DA:109,0
DA:120,0
DA:126,0
DA:139,0
DA:143,0
DA:150,0
DA:157,0
DA:162,0
DA:165,0
DA:166,0
DA:170,0
DA:177,0
DA:185,0
DA:186,0
DA:187,0
DA:188,0
DA:198,0
DA:205,0
DA:214,0
LF:36
LH:0
BRDA:166,0,0,0
BRDA:166,0,1,0
BRDA:209,1,0,0
BRDA:209,1,1,0
BRF:4
BRH:0
end_of_record
TN:
SF:src/components/Projects/ProjectsStyle.js
FN:38,(anonymous_0)
FN:49,(anonymous_1)
FN:58,(anonymous_2)
FN:59,(anonymous_3)
FN:73,(anonymous_4)
FN:79,(anonymous_5)
FN:88,(anonymous_6)
FNF:7
FNH:0
FNDA:0,(anonymous_0)
FNDA:0,(anonymous_1)
FNDA:0,(anonymous_2)
FNDA:0,(anonymous_3)
FNDA:0,(anonymous_4)
FNDA:0,(anonymous_5)
FNDA:0,(anonymous_6)
DA:3,0
DA:18,0
DA:33,0
DA:38,0
DA:45,0
DA:49,0
DA:56,0
DA:58,0
DA:59,0
DA:69,0
DA:74,0
DA:79,0
DA:86,0
DA:88,0
DA:91,0
LF:15
LH:0
BRDA:74,0,0,0
BRDA:74,0,1,0
BRF:2
BRH:0
end_of_record
TN:
SF:src/components/Projects/index.js
FN:8,(anonymous_0)
FN:19,(anonymous_1)
FN:21,(anonymous_2)
FN:25,(anonymous_3)
FN:27,(anonymous_4)
FN:31,(anonymous_5)
FN:33,(anonymous_6)
FN:37,(anonymous_7)
FN:39,(anonymous_8)
FN:44,(anonymous_9)
FN:48,(anonymous_10)
FN:49,(anonymous_11)
FNF:12
FNH:0
FNDA:0,(anonymous_0)
FNDA:0,(anonymous_1)
FNDA:0,(anonymous_2)
FNDA:0,(anonymous_3)
FNDA:0,(anonymous_4)
FNDA:0,(anonymous_5)
FNDA:0,(anonymous_6)
FNDA:0,(anonymous_7)
FNDA:0,(anonymous_8)
FNDA:0,(anonymous_9)
FNDA:0,(anonymous_10)
FNDA:0,(anonymous_11)
DA:8,0
DA:9,0
DA:10,0
DA:19,0
DA:21,0
DA:25,0
DA:27,0
DA:31,0
DA:33,0
DA:37,0
DA:39,0
DA:45,0
DA:48,0
DA:50,0
LF:14
LH:0
BRDA:18,0,0,0
BRDA:18,0,1,0
BRDA:24,1,0,0
BRDA:24,1,1,0
BRDA:30,2,0,0
BRDA:30,2,1,0
BRDA:36,3,0,0
BRDA:36,3,1,0
BRDA:43,4,0,0
BRDA:43,4,1,0
BRF:10
BRH:0
end_of_record
TN:
SF:src/components/Skills/index.js
FN:33,(anonymous_0)
FN:44,(anonymous_1)
FN:62,(anonymous_2)
FN:80,(anonymous_3)
FN:96,(anonymous_4)
FN:97,(anonymous_5)
FN:119,(anonymous_6)
FN:129,(anonymous_7)
FN:133,(anonymous_8)
FNF:9
FNH:9
FNDA:15,(anonymous_0)
FNDA:15,(anonymous_1)
FNDA:75,(anonymous_2)
FNDA:75,(anonymous_3)
FNDA:480,(anonymous_4)
FNDA:480,(anonymous_5)
FNDA:17,(anonymous_6)
FNDA:85,(anonymous_7)
FNDA:544,(anonymous_8)
DA:5,2
DA:14,2
DA:28,2
DA:33,15
DA:40,2
DA:44,15
DA:50,2
DA:59,2
DA:62,75
DA:77,2
DA:80,75
DA:85,2
DA:93,2
DA:96,480
DA:97,480
DA:114,2
DA:119,2
DA:120,17
DA:130,85
DA:134,544
LF:20
LH:20
BRF:0
BRH:0
end_of_record
TN:
SF:src/data/constants.js
FNF:0
FNH:0
DA:1,9
DA:13,9
DA:73,9
DA:116,9
DA:133,9
LF:5
LH:5
BRF:0
BRH:0
end_of_record
TN:
SF:src/utils/Themes.js
FNF:0
FNH:0
DA:1,12
DA:14,12
LF:2
LH:2
BRF:0
BRH:0
end_of_record
